从excel中读取数据（测试数据case）并返回（element）
================【case1】测试开始================

【case1】测试类型【错误值测试】测试分辨率【MJPG 3840×2160P 30(P 16:9)】测试步长【1】
错误值检测PASS，返回检测失败！
本次case测试结果为【PASS】
将测试结果写入excel表格对应Case的行 - 测试结果处：【PASS】
================【case1】测试结束================

================【case2】测试开始================

【case2】测试类型【放大测试】测试分辨率【MJPG 3840×2160P 30(P 16:9)】测试步长【5】
获取放大log数据……
['160', '90', '3520', '1980']
[3840, 2160]
本次放大【5】step测试比对结果为：【PASS】
获取移动log数据……
['192', '90', '3520', '1980']
[160, 90]
本次移动【1】step测试比对结果为：【PASS】
本次case测试结果为【PASS】
将测试结果写入excel表格对应Case的行 - 测试结果处：【PASS】
================【case2】测试结束================

================【case3】测试开始================

【case3】测试类型【放大测试】测试分辨率【MJPG 3840×2160P 30(P 16:9)】测试步长【10】
获取放大log数据……
['320', '180', '3200', '1800']
[3840, 2160]
本次放大【10】step测试比对结果为：【PASS】
获取移动log数据……
['352', '180', '3200', '1800']
[320, 180]
本次移动【1】step测试比对结果为：【PASS】
本次case测试结果为【PASS】
将测试结果写入excel表格对应Case的行 - 测试结果处：【PASS】
================【case3】测试结束================

================【case4】测试开始================

【case4】测试类型【放大测试】测试分辨率【MJPG 3840×2160P 30(P 16:9)】测试步长【14】
获取放大log数据……
['448', '252', '2944', '1656']
[3840, 2160]
本次放大【14】step测试比对结果为：【PASS】
获取移动log数据……
['480', '252', '2944', '1656']
[448, 252]
本次移动【1】step测试比对结果为：【PASS】
本次case测试结果为【PASS】
将测试结果写入excel表格对应Case的行 - 测试结果处：【PASS】
================【case4】测试结束================

================【case5】测试开始================

【case5】测试类型【放大测试】测试分辨率【MJPG 3840×2160P 30(P 16:9)】测试步长【17】
获取放大log数据……
['544', '306', '2752', '1548']
[3840, 2160]
本次放大【17】step测试比对结果为：【PASS】
获取移动log数据……
['576', '306', '2752', '1548']
[544, 306]
本次移动【1】step测试比对结果为：【PASS】
本次case测试结果为【PASS】
将测试结果写入excel表格对应Case的行 - 测试结果处：【PASS】
================【case5】测试结束================

================【case6】测试开始================

【case6】测试类型【放大测试】测试分辨率【MJPG 3840×2160P 30(P 16:9)】测试步长【20】
获取放大log数据……
['640', '360', '2560', '1440']
[3840, 2160]
本次放大【20】step测试比对结果为：【PASS】
获取移动log数据……
['672', '360', '2560', '1440']
[640, 360]
本次移动【1】step测试比对结果为：【PASS】
本次case测试结果为【PASS】
将测试结果写入excel表格对应Case的行 - 测试结果处：【PASS】
================【case6】测试结束================

================【case7】测试开始================

【case7】测试类型【放大测试】测试分辨率【MJPG 3840×2160P 30(P 16:9)】测试步长【23】
获取放大log数据……
['736', '414', '2368', '1332']
[3840, 2160]
本次放大【23】step测试比对结果为：【PASS】
获取移动log数据……
['768', '414', '2368', '1332']
[736, 414]
本次移动【1】step测试比对结果为：【PASS】
本次case测试结果为【PASS】
将测试结果写入excel表格对应Case的行 - 测试结果处：【PASS】
================【case7】测试结束================

================【case8】测试开始================

【case8】测试类型【放大测试】测试分辨率【MJPG 3840×2160P 30(P 16:9)】测试步长【25】
获取放大log数据……
['800', '450', '2240', '1260']
[3840, 2160]
本次放大【25】step测试比对结果为：【PASS】
获取移动log数据……
['832', '450', '2240', '1260']
[800, 450]
本次移动【1】step测试比对结果为：【PASS】
本次case测试结果为【PASS】
将测试结果写入excel表格对应Case的行 - 测试结果处：【PASS】
================【case8】测试结束================

================【case9】测试开始================

【case9】测试类型【放大测试】测试分辨率【MJPG 3840×2160P 30(P 16:9)】测试步长【27】
获取放大log数据……
['864', '486', '2112', '1188']
[3840, 2160]
本次放大【27】step测试比对结果为：【PASS】
获取移动log数据……
['896', '486', '2112', '1188']
[864, 486]
本次移动【1】step测试比对结果为：【PASS】
本次case测试结果为【PASS】
将测试结果写入excel表格对应Case的行 - 测试结果处：【PASS】
================【case9】测试结束================

================【case10】测试开始================

【case10】测试类型【放大测试】测试分辨率【MJPG 3840×2160P 30(P 16:9)】测试步长【28】
获取放大log数据……
['896', '504', '2048', '1152']
[3840, 2160]
本次放大【28】step测试比对结果为：【PASS】
获取移动log数据……
['928', '504', '2048', '1152']
[896, 504]
本次移动【1】step测试比对结果为：【PASS】
本次case测试结果为【PASS】
将测试结果写入excel表格对应Case的行 - 测试结果处：【PASS】
================【case10】测试结束================

================【case11】测试开始================

【case11】测试类型【放大测试】测试分辨率【MJPG 3840×2160P 30(P 16:9)】测试步长【30】
获取放大log数据……
['960', '540', '1920', '1080']
[3840, 2160]
本次放大【30】step测试比对结果为：【PASS】
获取移动log数据……
['992', '540', '1920', '1080']
[960, 540]
本次移动【1】step测试比对结果为：【PASS】
本次case测试结果为【PASS】
将测试结果写入excel表格对应Case的行 - 测试结果处：【PASS】
================【case11】测试结束================

================【case12】测试开始================

【case12】测试类型【放大测试】测试分辨率【MJPG 3840×2160P 30(P 16:9)】测试步长【31】
获取放大log数据……
['992', '558', '1856', '1044']
[3840, 2160]
本次放大【31】step测试比对结果为：【PASS】
获取移动log数据……
['1024', '558', '1856', '1044']
[992, 558]
本次移动【1】step测试比对结果为：【PASS】
本次case测试结果为【PASS】
将测试结果写入excel表格对应Case的行 - 测试结果处：【PASS】
================【case12】测试结束================

================【case13】测试开始================

【case13】测试类型【放大测试】测试分辨率【MJPG 3840×2160P 30(P 16:9)】测试步长【33】
获取放大log数据……
['1056', '594', '1728', '972']
[3840, 2160]
本次放大【33】step测试比对结果为：【PASS】
获取移动log数据……
['1088', '594', '1728', '972']
[1056, 594]
本次移动【1】step测试比对结果为：【PASS】
本次case测试结果为【PASS】
将测试结果写入excel表格对应Case的行 - 测试结果处：【PASS】
================【case13】测试结束================

================【case14】测试开始================

【case14】测试类型【放大测试】测试分辨率【MJPG 3840×2160P 30(P 16:9)】测试步长【34】
获取放大log数据……
['1088', '612', '1664', '936']
[3840, 2160]
本次放大【34】step测试比对结果为：【PASS】
获取移动log数据……
['1120', '612', '1664', '936']
[1088, 612]
本次移动【1】step测试比对结果为：【PASS】
本次case测试结果为【PASS】
将测试结果写入excel表格对应Case的行 - 测试结果处：【PASS】
================【case14】测试结束================

================【case15】测试开始================

【case15】测试类型【放大测试】测试分辨率【MJPG 3840×2160P 30(P 16:9)】测试步长【35】
获取放大log数据……
['1120', '630', '1600', '900']
[3840, 2160]
本次放大【35】step测试比对结果为：【PASS】
获取移动log数据……
['1152', '630', '1600', '900']
[1120, 630]
本次移动【1】step测试比对结果为：【PASS】
本次case测试结果为【PASS】
将测试结果写入excel表格对应Case的行 - 测试结果处：【PASS】
================【case15】测试结束================

================【case16】测试开始================

【case16】测试类型【放大测试】测试分辨率【MJPG 3840×2160P 30(P 16:9)】测试步长【36】
获取放大log数据……
['1152', '648', '1536', '864']
[3840, 2160]
本次放大【36】step测试比对结果为：【PASS】
获取移动log数据……
['1184', '648', '1536', '864']
[1152, 648]
本次移动【1】step测试比对结果为：【PASS】
本次case测试结果为【PASS】
将测试结果写入excel表格对应Case的行 - 测试结果处：【PASS】
================【case16】测试结束================

================【case17】测试开始================

【case17】测试类型【放大测试】测试分辨率【MJPG 3840×2160P 30(P 16:9)】测试步长【37】
获取放大log数据……
['1184', '666', '1472', '828']
[3840, 2160]
本次放大【37】step测试比对结果为：【PASS】
获取移动log数据……
['1216', '666', '1472', '828']
[1184, 666]
本次移动【1】step测试比对结果为：【PASS】
本次case测试结果为【PASS】
将测试结果写入excel表格对应Case的行 - 测试结果处：【PASS】
================【case17】测试结束================

================【case18】测试开始================

【case18】测试类型【放大测试】测试分辨率【MJPG 3840×2160P 30(P 16:9)】测试步长【38】
获取放大log数据……
['1216', '684', '1408', '792']
[3840, 2160]
本次放大【38】step测试比对结果为：【PASS】
获取移动log数据……
['1248', '684', '1408', '792']
[1216, 684]
本次移动【1】step测试比对结果为：【PASS】
本次case测试结果为【PASS】
将测试结果写入excel表格对应Case的行 - 测试结果处：【PASS】
================【case18】测试结束================

================【case19】测试开始================

【case19】测试类型【放大测试】测试分辨率【MJPG 3840×2160P 30(P 16:9)】测试步长【39】
获取放大log数据……
['1248', '702', '1344', '756']
[3840, 2160]
本次放大【39】step测试比对结果为：【PASS】
获取移动log数据……
['1280', '702', '1344', '756']
[1248, 702]
本次移动【1】step测试比对结果为：【PASS】
本次case测试结果为【PASS】
将测试结果写入excel表格对应Case的行 - 测试结果处：【PASS】
================【case19】测试结束================

================【case20】测试开始================

【case20】测试类型【放大测试】测试分辨率【MJPG 3840×2160P 30(P 16:9)】测试步长【40】
获取放大log数据……
['1280', '720', '1280', '720']
[3840, 2160]
本次放大【40】step测试比对结果为：【PASS】
获取移动log数据……
['1312', '720', '1280', '720']
[1280, 720]
本次移动【1】step测试比对结果为：【PASS】
本次case测试结果为【PASS】
将测试结果写入excel表格对应Case的行 - 测试结果处：【PASS】
================【case20】测试结束================

================【case21】测试开始================

【case21】测试类型【错误值测试】测试分辨率【MJPG 3840×2160P 30(P 16:9)】测试步长【53】
错误值检测PASS，返回检测失败！
本次case测试结果为【PASS】
将测试结果写入excel表格对应Case的行 - 测试结果处：【PASS】
================【case21】测试结束================

================【case22】测试开始================

【case22】测试类型【缩小测试】测试分辨率【MJPG 3840×2160P 30(P 16:9)】测试步长1【40】测试步长2【1】
获取放大log数据……
['1280', '720', '1280', '720']
缩小测试：第一次放大返回w为【1280】，h为【720】
获取放大log数据……
['1248', '702', '1344', '756']
[1280, 720]
本次先放大【40】后缩小【1】step测试比对结果为：【PASS】
获取移动log数据……
['1280', '702', '1344', '756']
[1248, 702]
本次移动【1】step测试比对结果为：【PASS】
本次case测试结果为【PASS】
将测试结果写入excel表格对应Case的行 - 测试结果处：【PASS】
================【case22】测试结束================

================【case23】测试开始================

【case23】测试类型【缩小测试】测试分辨率【MJPG 3840×2160P 30(P 16:9)】测试步长1【40】测试步长2【2】
获取放大log数据……
['1280', '720', '1280', '720']
缩小测试：第一次放大返回w为【1280】，h为【720】
获取放大log数据……
['1216', '684', '1408', '792']
[1280, 720]
本次先放大【40】后缩小【2】step测试比对结果为：【PASS】
获取移动log数据……
['1248', '684', '1408', '792']
[1216, 684]
本次移动【1】step测试比对结果为：【PASS】
本次case测试结果为【PASS】
将测试结果写入excel表格对应Case的行 - 测试结果处：【PASS】
================【case23】测试结束================

================【case24】测试开始================

【case24】测试类型【缩小测试】测试分辨率【MJPG 3840×2160P 30(P 16:9)】测试步长1【40】测试步长2【3】
获取放大log数据……
['1280', '720', '1280', '720']
缩小测试：第一次放大返回w为【1280】，h为【720】
获取放大log数据……
['1184', '666', '1472', '828']
[1280, 720]
本次先放大【40】后缩小【3】step测试比对结果为：【PASS】
获取移动log数据……
['1216', '666', '1472', '828']
[1184, 666]
本次移动【1】step测试比对结果为：【PASS】
本次case测试结果为【PASS】
将测试结果写入excel表格对应Case的行 - 测试结果处：【PASS】
================【case24】测试结束================

================【case25】测试开始================

【case25】测试类型【缩小测试】测试分辨率【MJPG 3840×2160P 30(P 16:9)】测试步长1【40】测试步长2【4】
获取放大log数据……
['1280', '720', '1280', '720']
缩小测试：第一次放大返回w为【1280】，h为【720】
获取放大log数据……
['1152', '648', '1536', '864']
[1280, 720]
本次先放大【40】后缩小【4】step测试比对结果为：【PASS】
获取移动log数据……
['1184', '648', '1536', '864']
[1152, 648]
本次移动【1】step测试比对结果为：【PASS】
本次case测试结果为【PASS】
将测试结果写入excel表格对应Case的行 - 测试结果处：【PASS】
================【case25】测试结束================

================【case26】测试开始================

【case26】测试类型【缩小测试】测试分辨率【MJPG 3840×2160P 30(P 16:9)】测试步长1【40】测试步长2【5】
获取放大log数据……
['1280', '720', '1280', '720']
缩小测试：第一次放大返回w为【1280】，h为【720】
获取放大log数据……
['1120', '630', '1600', '900']
[1280, 720]
本次先放大【40】后缩小【5】step测试比对结果为：【PASS】
获取移动log数据……
['1152', '630', '1600', '900']
[1120, 630]
本次移动【1】step测试比对结果为：【PASS】
本次case测试结果为【PASS】
将测试结果写入excel表格对应Case的行 - 测试结果处：【PASS】
================【case26】测试结束================

================【case27】测试开始================

【case27】测试类型【缩小测试】测试分辨率【MJPG 3840×2160P 30(P 16:9)】测试步长1【40】测试步长2【6】
获取放大log数据……
['1280', '720', '1280', '720']
缩小测试：第一次放大返回w为【1280】，h为【720】
获取放大log数据……
['1088', '612', '1664', '936']
[1280, 720]
本次先放大【40】后缩小【6】step测试比对结果为：【PASS】
获取移动log数据……
['1120', '612', '1664', '936']
[1088, 612]
本次移动【1】step测试比对结果为：【PASS】
本次case测试结果为【PASS】
将测试结果写入excel表格对应Case的行 - 测试结果处：【PASS】
================【case27】测试结束================

================【case28】测试开始================

【case28】测试类型【缩小测试】测试分辨率【MJPG 3840×2160P 30(P 16:9)】测试步长1【40】测试步长2【7】
获取放大log数据……
['1280', '720', '1280', '720']
缩小测试：第一次放大返回w为【1280】，h为【720】
获取放大log数据……
['1056', '594', '1728', '972']
[1280, 720]
本次先放大【40】后缩小【7】step测试比对结果为：【PASS】
获取移动log数据……
['1088', '594', '1728', '972']
[1056, 594]
本次移动【1】step测试比对结果为：【PASS】
本次case测试结果为【PASS】
将测试结果写入excel表格对应Case的行 - 测试结果处：【PASS】
================【case28】测试结束================

================【case29】测试开始================

【case29】测试类型【缩小测试】测试分辨率【MJPG 3840×2160P 30(P 16:9)】测试步长1【40】测试步长2【9】
获取放大log数据……
['1280', '720', '1280', '720']
缩小测试：第一次放大返回w为【1280】，h为【720】
获取放大log数据……
['992', '558', '1856', '1044']
[1280, 720]
本次先放大【40】后缩小【9】step测试比对结果为：【PASS】
获取移动log数据……
['1024', '558', '1856', '1044']
[992, 558]
本次移动【1】step测试比对结果为：【PASS】
本次case测试结果为【PASS】
将测试结果写入excel表格对应Case的行 - 测试结果处：【PASS】
================【case29】测试结束================

================【case30】测试开始================

【case30】测试类型【缩小测试】测试分辨率【MJPG 3840×2160P 30(P 16:9)】测试步长1【40】测试步长2【10】
获取放大log数据……
['1280', '720', '1280', '720']
缩小测试：第一次放大返回w为【1280】，h为【720】
获取放大log数据……
['960', '540', '1920', '1080']
[1280, 720]
本次先放大【40】后缩小【10】step测试比对结果为：【PASS】
获取移动log数据……
['992', '540', '1920', '1080']
[960, 540]
本次移动【1】step测试比对结果为：【PASS】
本次case测试结果为【PASS】
将测试结果写入excel表格对应Case的行 - 测试结果处：【PASS】
================【case30】测试结束================

================【case31】测试开始================

【case31】测试类型【缩小测试】测试分辨率【MJPG 3840×2160P 30(P 16:9)】测试步长1【40】测试步长2【12】
获取放大log数据……
['1280', '720', '1280', '720']
缩小测试：第一次放大返回w为【1280】，h为【720】
获取放大log数据……
['896', '504', '2048', '1152']
[1280, 720]
本次先放大【40】后缩小【12】step测试比对结果为：【PASS】
获取移动log数据……
['928', '504', '2048', '1152']
[896, 504]
本次移动【1】step测试比对结果为：【PASS】
本次case测试结果为【PASS】
将测试结果写入excel表格对应Case的行 - 测试结果处：【PASS】
================【case31】测试结束================

================【case32】测试开始================

【case32】测试类型【缩小测试】测试分辨率【MJPG 3840×2160P 30(P 16:9)】测试步长1【40】测试步长2【13】
获取放大log数据……
['1280', '720', '1280', '720']
缩小测试：第一次放大返回w为【1280】，h为【720】
获取放大log数据……
['864', '486', '2112', '1188']
[1280, 720]
本次先放大【40】后缩小【13】step测试比对结果为：【PASS】
获取移动log数据……
['896', '486', '2112', '1188']
[864, 486]
本次移动【1】step测试比对结果为：【PASS】
本次case测试结果为【PASS】
将测试结果写入excel表格对应Case的行 - 测试结果处：【PASS】
================【case32】测试结束================

================【case33】测试开始================

【case33】测试类型【缩小测试】测试分辨率【MJPG 3840×2160P 30(P 16:9)】测试步长1【40】测试步长2【15】
获取放大log数据……
['1280', '720', '1280', '720']
缩小测试：第一次放大返回w为【1280】，h为【720】
获取放大log数据……
['800', '450', '2240', '1260']
[1280, 720]
本次先放大【40】后缩小【15】step测试比对结果为：【PASS】
获取移动log数据……
['832', '450', '2240', '1260']
[800, 450]
本次移动【1】step测试比对结果为：【PASS】
本次case测试结果为【PASS】
将测试结果写入excel表格对应Case的行 - 测试结果处：【PASS】
================【case33】测试结束================

================【case34】测试开始================

【case34】测试类型【缩小测试】测试分辨率【MJPG 3840×2160P 30(P 16:9)】测试步长1【40】测试步长2【18】
获取放大log数据……
['1280', '720', '1280', '720']
缩小测试：第一次放大返回w为【1280】，h为【720】
获取放大log数据……
['704', '396', '2432', '1368']
[1280, 720]
本次先放大【40】后缩小【18】step测试比对结果为：【PASS】
获取移动log数据……
['736', '396', '2432', '1368']
[704, 396]
本次移动【1】step测试比对结果为：【PASS】
本次case测试结果为【PASS】
将测试结果写入excel表格对应Case的行 - 测试结果处：【PASS】
================【case34】测试结束================

================【case35】测试开始================

【case35】测试类型【缩小测试】测试分辨率【MJPG 3840×2160P 30(P 16:9)】测试步长1【40】测试步长2【20】
获取放大log数据……
['1280', '720', '1280', '720']
缩小测试：第一次放大返回w为【1280】，h为【720】
获取放大log数据……
['640', '360', '2560', '1440']
[1280, 720]
本次先放大【40】后缩小【20】step测试比对结果为：【PASS】
获取移动log数据……
['672', '360', '2560', '1440']
[640, 360]
本次移动【1】step测试比对结果为：【PASS】
本次case测试结果为【PASS】
将测试结果写入excel表格对应Case的行 - 测试结果处：【PASS】
================【case35】测试结束================

================【case36】测试开始================

【case36】测试类型【缩小测试】测试分辨率【MJPG 3840×2160P 30(P 16:9)】测试步长1【40】测试步长2【23】
获取放大log数据……
['1280', '720', '1280', '720']
缩小测试：第一次放大返回w为【1280】，h为【720】
获取放大log数据……
['544', '306', '2752', '1548']
[1280, 720]
本次先放大【40】后缩小【23】step测试比对结果为：【PASS】
获取移动log数据……
['576', '306', '2752', '1548']
[544, 306]
本次移动【1】step测试比对结果为：【PASS】
本次case测试结果为【PASS】
将测试结果写入excel表格对应Case的行 - 测试结果处：【PASS】
================【case36】测试结束================

================【case37】测试开始================

【case37】测试类型【缩小测试】测试分辨率【MJPG 3840×2160P 30(P 16:9)】测试步长1【40】测试步长2【26】
获取放大log数据……
['1280', '720', '1280', '720']
缩小测试：第一次放大返回w为【1280】，h为【720】
获取放大log数据……
['448', '252', '2944', '1656']
[1280, 720]
本次先放大【40】后缩小【26】step测试比对结果为：【PASS】
获取移动log数据……
['480', '252', '2944', '1656']
[448, 252]
本次移动【1】step测试比对结果为：【PASS】
本次case测试结果为【PASS】
将测试结果写入excel表格对应Case的行 - 测试结果处：【PASS】
================【case37】测试结束================

================【case38】测试开始================

【case38】测试类型【缩小测试】测试分辨率【MJPG 3840×2160P 30(P 16:9)】测试步长1【40】测试步长2【30】
获取放大log数据……
['1280', '720', '1280', '720']
缩小测试：第一次放大返回w为【1280】，h为【720】
获取放大log数据……
['320', '180', '3200', '1800']
[1280, 720]
本次先放大【40】后缩小【30】step测试比对结果为：【PASS】
获取移动log数据……
['352', '180', '3200', '1800']
[320, 180]
本次移动【1】step测试比对结果为：【PASS】
本次case测试结果为【PASS】
将测试结果写入excel表格对应Case的行 - 测试结果处：【PASS】
================【case38】测试结束================

================【case39】测试开始================

【case39】测试类型【缩小测试】测试分辨率【MJPG 3840×2160P 30(P 16:9)】测试步长1【40】测试步长2【35】
获取放大log数据……
['1280', '720', '1280', '720']
缩小测试：第一次放大返回w为【1280】，h为【720】
获取放大log数据……
['160', '90', '3520', '1980']
[1280, 720]
本次先放大【40】后缩小【35】step测试比对结果为：【PASS】
获取移动log数据……
['192', '90', '3520', '1980']
[160, 90]
本次移动【1】step测试比对结果为：【PASS】
本次case测试结果为【PASS】
将测试结果写入excel表格对应Case的行 - 测试结果处：【PASS】
================【case39】测试结束================

================【case40】测试开始================

【case40】测试类型【缩小测试】测试分辨率【MJPG 3840×2160P 30(P 16:9)】测试步长1【40】测试步长2【40】
获取放大log数据……
['1280', '720', '1280', '720']
缩小测试：第一次放大返回w为【1280】，h为【720】
当前已到达边界，弹框出现
本次先放大【40】后缩小【40】step测试比对结果为：【PASS】
本次case测试结果为【PASS】
将测试结果写入excel表格对应Case的行 - 测试结果处：【PASS】
================【case40】测试结束================

================【case41】测试开始================

【case41】测试类型【错误值测试】测试分辨率【MJPG 3840×2160P 30(P 16:9)】测试步长1【40】测试步长2【53】
错误值检测PASS，返回检测失败！
本次case测试结果为【PASS】
将测试结果写入excel表格对应Case的行 - 测试结果处：【PASS】
================【case41】测试结束================

================【case42】测试开始================

【case42】测试类型【错误值测试】测试分辨率【MJPG 1920×1080P 30(P 16:9)】测试步长【1】
错误值检测PASS，返回检测失败！
本次case测试结果为【PASS】
将测试结果写入excel表格对应Case的行 - 测试结果处：【PASS】
================【case42】测试结束================

================【case43】测试开始================

【case43】测试类型【放大测试】测试分辨率【MJPG 1920×1080P 30(P 16:9)】测试步长【5】
获取放大log数据……
['160', '90', '3520', '1980']
[3840, 2160]
本次放大【5】step测试比对结果为：【PASS】
获取移动log数据……
['192', '90', '3520', '1980']
[160, 90]
本次移动【1】step测试比对结果为：【PASS】
本次case测试结果为【PASS】
将测试结果写入excel表格对应Case的行 - 测试结果处：【PASS】
================【case43】测试结束================

================【case44】测试开始================

【case44】测试类型【放大测试】测试分辨率【MJPG 1920×1080P 30(P 16:9)】测试步长【10】
获取放大log数据……
['320', '180', '3200', '1800']
[3840, 2160]
本次放大【10】step测试比对结果为：【PASS】
获取移动log数据……
['352', '180', '3200', '1800']
[320, 180]
本次移动【1】step测试比对结果为：【PASS】
本次case测试结果为【PASS】
将测试结果写入excel表格对应Case的行 - 测试结果处：【PASS】
================【case44】测试结束================

================【case45】测试开始================

【case45】测试类型【放大测试】测试分辨率【MJPG 1920×1080P 30(P 16:9)】测试步长【14】
获取放大log数据……
['448', '252', '2944', '1656']
[3840, 2160]
本次放大【14】step测试比对结果为：【PASS】
获取移动log数据……
['480', '252', '2944', '1656']
[448, 252]
本次移动【1】step测试比对结果为：【PASS】
本次case测试结果为【PASS】
将测试结果写入excel表格对应Case的行 - 测试结果处：【PASS】
================【case45】测试结束================

================【case46】测试开始================

【case46】测试类型【放大测试】测试分辨率【MJPG 1920×1080P 30(P 16:9)】测试步长【17】
获取放大log数据……
['544', '306', '2752', '1548']
[3840, 2160]
本次放大【17】step测试比对结果为：【PASS】
获取移动log数据……
['576', '306', '2752', '1548']
[544, 306]
本次移动【1】step测试比对结果为：【PASS】
本次case测试结果为【PASS】
将测试结果写入excel表格对应Case的行 - 测试结果处：【PASS】
================【case46】测试结束================

================【case47】测试开始================

【case47】测试类型【放大测试】测试分辨率【MJPG 1920×1080P 30(P 16:9)】测试步长【20】
获取放大log数据……
['640', '360', '2560', '1440']
[3840, 2160]
本次放大【20】step测试比对结果为：【PASS】
获取移动log数据……
['672', '360', '2560', '1440']
[640, 360]
本次移动【1】step测试比对结果为：【PASS】
本次case测试结果为【PASS】
将测试结果写入excel表格对应Case的行 - 测试结果处：【PASS】
================【case47】测试结束================

================【case48】测试开始================

【case48】测试类型【放大测试】测试分辨率【MJPG 1920×1080P 30(P 16:9)】测试步长【23】
获取放大log数据……
['736', '414', '2368', '1332']
[3840, 2160]
本次放大【23】step测试比对结果为：【PASS】
获取移动log数据……
['768', '414', '2368', '1332']
[736, 414]
本次移动【1】step测试比对结果为：【PASS】
本次case测试结果为【PASS】
将测试结果写入excel表格对应Case的行 - 测试结果处：【PASS】
================【case48】测试结束================

================【case49】测试开始================

【case49】测试类型【放大测试】测试分辨率【MJPG 1920×1080P 30(P 16:9)】测试步长【25】
获取放大log数据……
['800', '450', '2240', '1260']
[3840, 2160]
本次放大【25】step测试比对结果为：【PASS】
获取移动log数据……
['832', '450', '2240', '1260']
[800, 450]
本次移动【1】step测试比对结果为：【PASS】
本次case测试结果为【PASS】
将测试结果写入excel表格对应Case的行 - 测试结果处：【PASS】
================【case49】测试结束================

================【case50】测试开始================

【case50】测试类型【放大测试】测试分辨率【MJPG 1920×1080P 30(P 16:9)】测试步长【27】
获取放大log数据……
['864', '486', '2112', '1188']
[3840, 2160]
本次放大【27】step测试比对结果为：【PASS】
获取移动log数据……
['896', '486', '2112', '1188']
[864, 486]
本次移动【1】step测试比对结果为：【PASS】
本次case测试结果为【PASS】
将测试结果写入excel表格对应Case的行 - 测试结果处：【PASS】
================【case50】测试结束================

================【case51】测试开始================

【case51】测试类型【放大测试】测试分辨率【MJPG 1920×1080P 30(P 16:9)】测试步长【28】
获取放大log数据……
['896', '504', '2048', '1152']
[3840, 2160]
本次放大【28】step测试比对结果为：【PASS】
获取移动log数据……
['928', '504', '2048', '1152']
[896, 504]
本次移动【1】step测试比对结果为：【PASS】
本次case测试结果为【PASS】
将测试结果写入excel表格对应Case的行 - 测试结果处：【PASS】
================【case51】测试结束================

================【case52】测试开始================

【case52】测试类型【放大测试】测试分辨率【MJPG 1920×1080P 30(P 16:9)】测试步长【30】
获取放大log数据……
['960', '540', '1920', '1080']
[3840, 2160]
本次放大【30】step测试比对结果为：【PASS】
获取移动log数据……
['992', '540', '1920', '1080']
[960, 540]
本次移动【1】step测试比对结果为：【PASS】
本次case测试结果为【PASS】
将测试结果写入excel表格对应Case的行 - 测试结果处：【PASS】
================【case52】测试结束================

================【case53】测试开始================

【case53】测试类型【放大测试】测试分辨率【MJPG 1920×1080P 30(P 16:9)】测试步长【31】
获取放大log数据……
['992', '558', '1856', '1044']
[3840, 2160]
本次放大【31】step测试比对结果为：【PASS】
获取移动log数据……
['1024', '558', '1856', '1044']
[992, 558]
本次移动【1】step测试比对结果为：【PASS】
本次case测试结果为【PASS】
将测试结果写入excel表格对应Case的行 - 测试结果处：【PASS】
================【case53】测试结束================

================【case54】测试开始================

【case54】测试类型【放大测试】测试分辨率【MJPG 1920×1080P 30(P 16:9)】测试步长【33】
获取放大log数据……
['1056', '594', '1728', '972']
[3840, 2160]
本次放大【33】step测试比对结果为：【PASS】
获取移动log数据……
['1088', '594', '1728', '972']
[1056, 594]
本次移动【1】step测试比对结果为：【PASS】
本次case测试结果为【PASS】
将测试结果写入excel表格对应Case的行 - 测试结果处：【PASS】
================【case54】测试结束================

================【case55】测试开始================

【case55】测试类型【放大测试】测试分辨率【MJPG 1920×1080P 30(P 16:9)】测试步长【34】
获取放大log数据……
['1088', '612', '1664', '936']
[3840, 2160]
本次放大【34】step测试比对结果为：【PASS】
获取移动log数据……
['1120', '612', '1664', '936']
[1088, 612]
本次移动【1】step测试比对结果为：【PASS】
本次case测试结果为【PASS】
将测试结果写入excel表格对应Case的行 - 测试结果处：【PASS】
================【case55】测试结束================

================【case56】测试开始================

【case56】测试类型【放大测试】测试分辨率【MJPG 1920×1080P 30(P 16:9)】测试步长【35】
获取放大log数据……
['1120', '630', '1600', '900']
[3840, 2160]
本次放大【35】step测试比对结果为：【PASS】
获取移动log数据……
['1152', '630', '1600', '900']
[1120, 630]
本次移动【1】step测试比对结果为：【PASS】
本次case测试结果为【PASS】
将测试结果写入excel表格对应Case的行 - 测试结果处：【PASS】
================【case56】测试结束================

================【case57】测试开始================

【case57】测试类型【放大测试】测试分辨率【MJPG 1920×1080P 30(P 16:9)】测试步长【36】
获取放大log数据……
['1152', '648', '1536', '864']
[3840, 2160]
本次放大【36】step测试比对结果为：【PASS】
获取移动log数据……
['1184', '648', '1536', '864']
[1152, 648]
本次移动【1】step测试比对结果为：【PASS】
本次case测试结果为【PASS】
将测试结果写入excel表格对应Case的行 - 测试结果处：【PASS】
================【case57】测试结束================

================【case58】测试开始================

【case58】测试类型【放大测试】测试分辨率【MJPG 1920×1080P 30(P 16:9)】测试步长【37】
获取放大log数据……
['1184', '666', '1472', '828']
[3840, 2160]
本次放大【37】step测试比对结果为：【PASS】
获取移动log数据……
['1216', '666', '1472', '828']
[1184, 666]
本次移动【1】step测试比对结果为：【PASS】
本次case测试结果为【PASS】
将测试结果写入excel表格对应Case的行 - 测试结果处：【PASS】
================【case58】测试结束================

================【case59】测试开始================

【case59】测试类型【放大测试】测试分辨率【MJPG 1920×1080P 30(P 16:9)】测试步长【38】
获取放大log数据……
['1216', '684', '1408', '792']
[3840, 2160]
本次放大【38】step测试比对结果为：【PASS】
获取移动log数据……
['1248', '684', '1408', '792']
[1216, 684]
本次移动【1】step测试比对结果为：【PASS】
本次case测试结果为【PASS】
将测试结果写入excel表格对应Case的行 - 测试结果处：【PASS】
================【case59】测试结束================

================【case60】测试开始================

【case60】测试类型【放大测试】测试分辨率【MJPG 1920×1080P 30(P 16:9)】测试步长【39】
获取放大log数据……
['1248', '702', '1344', '756']
[3840, 2160]
本次放大【39】step测试比对结果为：【PASS】
获取移动log数据……
['1280', '702', '1344', '756']
[1248, 702]
本次移动【1】step测试比对结果为：【PASS】
本次case测试结果为【PASS】
将测试结果写入excel表格对应Case的行 - 测试结果处：【PASS】
================【case60】测试结束================

================【case61】测试开始================

【case61】测试类型【放大测试】测试分辨率【MJPG 1920×1080P 30(P 16:9)】测试步长【40】
获取放大log数据……
['1280', '720', '1280', '720']
[3840, 2160]
本次放大【40】step测试比对结果为：【PASS】
获取移动log数据……
['1312', '720', '1280', '720']
[1280, 720]
本次移动【1】step测试比对结果为：【PASS】
本次case测试结果为【PASS】
将测试结果写入excel表格对应Case的行 - 测试结果处：【PASS】
================【case61】测试结束================

================【case62】测试开始================

【case62】测试类型【错误值测试】测试分辨率【MJPG 1920×1080P 30(P 16:9)】测试步长【53】
错误值检测PASS，返回检测失败！
本次case测试结果为【PASS】
将测试结果写入excel表格对应Case的行 - 测试结果处：【PASS】
================【case62】测试结束================

================【case63】测试开始================

【case63】测试类型【缩小测试】测试分辨率【MJPG 1920×1080P 30(P 16:9)】测试步长1【40】测试步长2【1】
获取放大log数据……
['1280', '720', '1280', '720']
缩小测试：第一次放大返回w为【1280】，h为【720】
获取放大log数据……
['1248', '702', '1344', '756']
[1280, 720]
本次先放大【40】后缩小【1】step测试比对结果为：【PASS】
获取移动log数据……
['1280', '702', '1344', '756']
[1248, 702]
本次移动【1】step测试比对结果为：【PASS】
本次case测试结果为【PASS】
将测试结果写入excel表格对应Case的行 - 测试结果处：【PASS】
================【case63】测试结束================

================【case64】测试开始================

【case64】测试类型【缩小测试】测试分辨率【MJPG 1920×1080P 30(P 16:9)】测试步长1【40】测试步长2【2】
获取放大log数据……
['1280', '720', '1280', '720']
缩小测试：第一次放大返回w为【1280】，h为【720】
获取放大log数据……
['1216', '684', '1408', '792']
[1280, 720]
本次先放大【40】后缩小【2】step测试比对结果为：【PASS】
获取移动log数据……
['1248', '684', '1408', '792']
[1216, 684]
本次移动【1】step测试比对结果为：【PASS】
本次case测试结果为【PASS】
将测试结果写入excel表格对应Case的行 - 测试结果处：【PASS】
================【case64】测试结束================

================【case65】测试开始================

【case65】测试类型【缩小测试】测试分辨率【MJPG 1920×1080P 30(P 16:9)】测试步长1【40】测试步长2【3】
获取放大log数据……
['1280', '720', '1280', '720']
缩小测试：第一次放大返回w为【1280】，h为【720】
获取放大log数据……
['1184', '666', '1472', '828']
[1280, 720]
本次先放大【40】后缩小【3】step测试比对结果为：【PASS】
获取移动log数据……
['1216', '666', '1472', '828']
[1184, 666]
本次移动【1】step测试比对结果为：【PASS】
本次case测试结果为【PASS】
将测试结果写入excel表格对应Case的行 - 测试结果处：【PASS】
================【case65】测试结束================

================【case66】测试开始================

【case66】测试类型【缩小测试】测试分辨率【MJPG 1920×1080P 30(P 16:9)】测试步长1【40】测试步长2【4】
获取放大log数据……
['1280', '720', '1280', '720']
缩小测试：第一次放大返回w为【1280】，h为【720】
获取放大log数据……
['1152', '648', '1536', '864']
[1280, 720]
本次先放大【40】后缩小【4】step测试比对结果为：【PASS】
获取移动log数据……
['1184', '648', '1536', '864']
[1152, 648]
本次移动【1】step测试比对结果为：【PASS】
本次case测试结果为【PASS】
将测试结果写入excel表格对应Case的行 - 测试结果处：【PASS】
================【case66】测试结束================

================【case67】测试开始================

【case67】测试类型【缩小测试】测试分辨率【MJPG 1920×1080P 30(P 16:9)】测试步长1【40】测试步长2【5】
获取放大log数据……
['1280', '720', '1280', '720']
缩小测试：第一次放大返回w为【1280】，h为【720】
获取放大log数据……
['1120', '630', '1600', '900']
[1280, 720]
本次先放大【40】后缩小【5】step测试比对结果为：【PASS】
获取移动log数据……
['1152', '630', '1600', '900']
[1120, 630]
本次移动【1】step测试比对结果为：【PASS】
本次case测试结果为【PASS】
将测试结果写入excel表格对应Case的行 - 测试结果处：【PASS】
================【case67】测试结束================

================【case68】测试开始================

【case68】测试类型【缩小测试】测试分辨率【MJPG 1920×1080P 30(P 16:9)】测试步长1【40】测试步长2【6】
获取放大log数据……
['1280', '720', '1280', '720']
缩小测试：第一次放大返回w为【1280】，h为【720】
获取放大log数据……
['1088', '612', '1664', '936']
[1280, 720]
本次先放大【40】后缩小【6】step测试比对结果为：【PASS】
获取移动log数据……
['1120', '612', '1664', '936']
[1088, 612]
本次移动【1】step测试比对结果为：【PASS】
本次case测试结果为【PASS】
将测试结果写入excel表格对应Case的行 - 测试结果处：【PASS】
================【case68】测试结束================

================【case69】测试开始================

【case69】测试类型【缩小测试】测试分辨率【MJPG 1920×1080P 30(P 16:9)】测试步长1【40】测试步长2【7】
获取放大log数据……
['1280', '720', '1280', '720']
缩小测试：第一次放大返回w为【1280】，h为【720】
获取放大log数据……
['1056', '594', '1728', '972']
[1280, 720]
本次先放大【40】后缩小【7】step测试比对结果为：【PASS】
获取移动log数据……
['1088', '594', '1728', '972']
[1056, 594]
本次移动【1】step测试比对结果为：【PASS】
本次case测试结果为【PASS】
将测试结果写入excel表格对应Case的行 - 测试结果处：【PASS】
================【case69】测试结束================

================【case70】测试开始================

【case70】测试类型【缩小测试】测试分辨率【MJPG 1920×1080P 30(P 16:9)】测试步长1【40】测试步长2【9】
获取放大log数据……
['1280', '720', '1280', '720']
缩小测试：第一次放大返回w为【1280】，h为【720】
获取放大log数据……
['992', '558', '1856', '1044']
[1280, 720]
本次先放大【40】后缩小【9】step测试比对结果为：【PASS】
获取移动log数据……
['1024', '558', '1856', '1044']
[992, 558]
本次移动【1】step测试比对结果为：【PASS】
本次case测试结果为【PASS】
将测试结果写入excel表格对应Case的行 - 测试结果处：【PASS】
================【case70】测试结束================

================【case71】测试开始================

【case71】测试类型【缩小测试】测试分辨率【MJPG 1920×1080P 30(P 16:9)】测试步长1【40】测试步长2【10】
获取放大log数据……
['1280', '720', '1280', '720']
缩小测试：第一次放大返回w为【1280】，h为【720】
获取放大log数据……
['960', '540', '1920', '1080']
[1280, 720]
本次先放大【40】后缩小【10】step测试比对结果为：【PASS】
获取移动log数据……
['992', '540', '1920', '1080']
[960, 540]
本次移动【1】step测试比对结果为：【PASS】
本次case测试结果为【PASS】
将测试结果写入excel表格对应Case的行 - 测试结果处：【PASS】
================【case71】测试结束================

================【case72】测试开始================

【case72】测试类型【缩小测试】测试分辨率【MJPG 1920×1080P 30(P 16:9)】测试步长1【40】测试步长2【12】
获取放大log数据……
['1280', '720', '1280', '720']
缩小测试：第一次放大返回w为【1280】，h为【720】
获取放大log数据……
['896', '504', '2048', '1152']
[1280, 720]
本次先放大【40】后缩小【12】step测试比对结果为：【PASS】
获取移动log数据……
['928', '504', '2048', '1152']
[896, 504]
本次移动【1】step测试比对结果为：【PASS】
本次case测试结果为【PASS】
将测试结果写入excel表格对应Case的行 - 测试结果处：【PASS】
================【case72】测试结束================

================【case73】测试开始================

【case73】测试类型【缩小测试】测试分辨率【MJPG 1920×1080P 30(P 16:9)】测试步长1【40】测试步长2【13】
获取放大log数据……
['1280', '720', '1280', '720']
缩小测试：第一次放大返回w为【1280】，h为【720】
获取放大log数据……
['864', '486', '2112', '1188']
[1280, 720]
本次先放大【40】后缩小【13】step测试比对结果为：【PASS】
获取移动log数据……
['896', '486', '2112', '1188']
[864, 486]
本次移动【1】step测试比对结果为：【PASS】
本次case测试结果为【PASS】
将测试结果写入excel表格对应Case的行 - 测试结果处：【PASS】
================【case73】测试结束================

================【case74】测试开始================

【case74】测试类型【缩小测试】测试分辨率【MJPG 1920×1080P 30(P 16:9)】测试步长1【40】测试步长2【15】
获取放大log数据……
['1280', '720', '1280', '720']
缩小测试：第一次放大返回w为【1280】，h为【720】
获取放大log数据……
['800', '450', '2240', '1260']
[1280, 720]
本次先放大【40】后缩小【15】step测试比对结果为：【PASS】
获取移动log数据……
['832', '450', '2240', '1260']
[800, 450]
本次移动【1】step测试比对结果为：【PASS】
本次case测试结果为【PASS】
将测试结果写入excel表格对应Case的行 - 测试结果处：【PASS】
================【case74】测试结束================

================【case75】测试开始================

【case75】测试类型【缩小测试】测试分辨率【MJPG 1920×1080P 30(P 16:9)】测试步长1【40】测试步长2【18】
获取放大log数据……
['1280', '720', '1280', '720']
缩小测试：第一次放大返回w为【1280】，h为【720】
获取放大log数据……
['704', '396', '2432', '1368']
[1280, 720]
本次先放大【40】后缩小【18】step测试比对结果为：【PASS】
获取移动log数据……
['736', '396', '2432', '1368']
[704, 396]
本次移动【1】step测试比对结果为：【PASS】
本次case测试结果为【PASS】
将测试结果写入excel表格对应Case的行 - 测试结果处：【PASS】
================【case75】测试结束================

================【case76】测试开始================

【case76】测试类型【缩小测试】测试分辨率【MJPG 1920×1080P 30(P 16:9)】测试步长1【40】测试步长2【20】
获取放大log数据……
['1280', '720', '1280', '720']
缩小测试：第一次放大返回w为【1280】，h为【720】
获取放大log数据……
['640', '360', '2560', '1440']
[1280, 720]
本次先放大【40】后缩小【20】step测试比对结果为：【PASS】
获取移动log数据……
['672', '360', '2560', '1440']
[640, 360]
本次移动【1】step测试比对结果为：【PASS】
本次case测试结果为【PASS】
将测试结果写入excel表格对应Case的行 - 测试结果处：【PASS】
================【case76】测试结束================

================【case77】测试开始================

【case77】测试类型【缩小测试】测试分辨率【MJPG 1920×1080P 30(P 16:9)】测试步长1【40】测试步长2【23】
获取放大log数据……
['1280', '720', '1280', '720']
缩小测试：第一次放大返回w为【1280】，h为【720】
获取放大log数据……
['544', '306', '2752', '1548']
[1280, 720]
本次先放大【40】后缩小【23】step测试比对结果为：【PASS】
获取移动log数据……
['576', '306', '2752', '1548']
[544, 306]
本次移动【1】step测试比对结果为：【PASS】
本次case测试结果为【PASS】
将测试结果写入excel表格对应Case的行 - 测试结果处：【PASS】
================【case77】测试结束================

================【case78】测试开始================

【case78】测试类型【缩小测试】测试分辨率【MJPG 1920×1080P 30(P 16:9)】测试步长1【40】测试步长2【26】
获取放大log数据……
['1280', '720', '1280', '720']
缩小测试：第一次放大返回w为【1280】，h为【720】
获取放大log数据……
['448', '252', '2944', '1656']
[1280, 720]
本次先放大【40】后缩小【26】step测试比对结果为：【PASS】
获取移动log数据……
['480', '252', '2944', '1656']
[448, 252]
本次移动【1】step测试比对结果为：【PASS】
本次case测试结果为【PASS】
将测试结果写入excel表格对应Case的行 - 测试结果处：【PASS】
================【case78】测试结束================

================【case79】测试开始================

【case79】测试类型【缩小测试】测试分辨率【MJPG 1920×1080P 30(P 16:9)】测试步长1【40】测试步长2【30】
获取放大log数据……
['1280', '720', '1280', '720']
缩小测试：第一次放大返回w为【1280】，h为【720】
获取放大log数据……
['320', '180', '3200', '1800']
[1280, 720]
本次先放大【40】后缩小【30】step测试比对结果为：【PASS】
获取移动log数据……
['352', '180', '3200', '1800']
[320, 180]
本次移动【1】step测试比对结果为：【PASS】
本次case测试结果为【PASS】
将测试结果写入excel表格对应Case的行 - 测试结果处：【PASS】
================【case79】测试结束================

================【case80】测试开始================

【case80】测试类型【缩小测试】测试分辨率【MJPG 1920×1080P 30(P 16:9)】测试步长1【40】测试步长2【35】
获取放大log数据……
['1280', '720', '1280', '720']
缩小测试：第一次放大返回w为【1280】，h为【720】
获取放大log数据……
['160', '90', '3520', '1980']
[1280, 720]
本次先放大【40】后缩小【35】step测试比对结果为：【PASS】
获取移动log数据……
['192', '90', '3520', '1980']
[160, 90]
本次移动【1】step测试比对结果为：【PASS】
本次case测试结果为【PASS】
将测试结果写入excel表格对应Case的行 - 测试结果处：【PASS】
================【case80】测试结束================

================【case81】测试开始================

【case81】测试类型【缩小测试】测试分辨率【MJPG 1920×1080P 30(P 16:9)】测试步长1【40】测试步长2【40】
获取放大log数据……
['1280', '720', '1280', '720']
缩小测试：第一次放大返回w为【1280】，h为【720】
当前已到达边界，弹框出现
本次先放大【40】后缩小【40】step测试比对结果为：【PASS】
本次case测试结果为【PASS】
将测试结果写入excel表格对应Case的行 - 测试结果处：【PASS】
================【case81】测试结束================

================【case82】测试开始================

【case82】测试类型【错误值测试】测试分辨率【MJPG 1920×1080P 30(P 16:9)】测试步长1【40】测试步长2【53】
错误值检测PASS，返回检测失败！
本次case测试结果为【PASS】
将测试结果写入excel表格对应Case的行 - 测试结果处：【PASS】
================【case82】测试结束================

================【case83】测试开始================

【case83】测试类型【错误值测试】测试分辨率【MJPG 1280×720P 30(P 16:9)】测试步长【1】
错误值检测PASS，返回检测失败！
本次case测试结果为【PASS】
将测试结果写入excel表格对应Case的行 - 测试结果处：【PASS】
================【case83】测试结束================

================【case84】测试开始================

【case84】测试类型【放大测试】测试分辨率【MJPG 1280×720P 30(P 16:9)】测试步长【5】
获取放大log数据……
['160', '90', '3520', '1980']
[3840, 2160]
本次放大【5】step测试比对结果为：【PASS】
获取移动log数据……
['192', '90', '3520', '1980']
[160, 90]
本次移动【1】step测试比对结果为：【PASS】
本次case测试结果为【PASS】
将测试结果写入excel表格对应Case的行 - 测试结果处：【PASS】
================【case84】测试结束================

================【case85】测试开始================

【case85】测试类型【放大测试】测试分辨率【MJPG 1280×720P 30(P 16:9)】测试步长【10】
获取放大log数据……
['320', '180', '3200', '1800']
[3840, 2160]
本次放大【10】step测试比对结果为：【PASS】
获取移动log数据……
['352', '180', '3200', '1800']
[320, 180]
本次移动【1】step测试比对结果为：【PASS】
本次case测试结果为【PASS】
将测试结果写入excel表格对应Case的行 - 测试结果处：【PASS】
================【case85】测试结束================

================【case86】测试开始================

【case86】测试类型【放大测试】测试分辨率【MJPG 1280×720P 30(P 16:9)】测试步长【14】
获取放大log数据……
['448', '252', '2944', '1656']
[3840, 2160]
本次放大【14】step测试比对结果为：【PASS】
获取移动log数据……
['480', '252', '2944', '1656']
[448, 252]
本次移动【1】step测试比对结果为：【PASS】
本次case测试结果为【PASS】
将测试结果写入excel表格对应Case的行 - 测试结果处：【PASS】
================【case86】测试结束================

================【case87】测试开始================

【case87】测试类型【放大测试】测试分辨率【MJPG 1280×720P 30(P 16:9)】测试步长【17】
获取放大log数据……
['544', '306', '2752', '1548']
[3840, 2160]
本次放大【17】step测试比对结果为：【PASS】
获取移动log数据……
['576', '306', '2752', '1548']
[544, 306]
本次移动【1】step测试比对结果为：【PASS】
本次case测试结果为【PASS】
将测试结果写入excel表格对应Case的行 - 测试结果处：【PASS】
================【case87】测试结束================

================【case88】测试开始================

【case88】测试类型【放大测试】测试分辨率【MJPG 1280×720P 30(P 16:9)】测试步长【20】
获取放大log数据……
['640', '360', '2560', '1440']
[3840, 2160]
本次放大【20】step测试比对结果为：【PASS】
获取移动log数据……
['672', '360', '2560', '1440']
[640, 360]
本次移动【1】step测试比对结果为：【PASS】
本次case测试结果为【PASS】
将测试结果写入excel表格对应Case的行 - 测试结果处：【PASS】
================【case88】测试结束================

================【case89】测试开始================

【case89】测试类型【放大测试】测试分辨率【MJPG 1280×720P 30(P 16:9)】测试步长【23】
获取放大log数据……
['736', '414', '2368', '1332']
[3840, 2160]
本次放大【23】step测试比对结果为：【PASS】
获取移动log数据……
['768', '414', '2368', '1332']
[736, 414]
本次移动【1】step测试比对结果为：【PASS】
本次case测试结果为【PASS】
将测试结果写入excel表格对应Case的行 - 测试结果处：【PASS】
================【case89】测试结束================

================【case90】测试开始================

【case90】测试类型【放大测试】测试分辨率【MJPG 1280×720P 30(P 16:9)】测试步长【25】
获取放大log数据……
['800', '450', '2240', '1260']
[3840, 2160]
本次放大【25】step测试比对结果为：【PASS】
获取移动log数据……
['832', '450', '2240', '1260']
[800, 450]
本次移动【1】step测试比对结果为：【PASS】
本次case测试结果为【PASS】
将测试结果写入excel表格对应Case的行 - 测试结果处：【PASS】
================【case90】测试结束================

================【case91】测试开始================

【case91】测试类型【放大测试】测试分辨率【MJPG 1280×720P 30(P 16:9)】测试步长【27】
获取放大log数据……
['864', '486', '2112', '1188']
[3840, 2160]
本次放大【27】step测试比对结果为：【PASS】
获取移动log数据……
['896', '486', '2112', '1188']
[864, 486]
本次移动【1】step测试比对结果为：【PASS】
本次case测试结果为【PASS】
将测试结果写入excel表格对应Case的行 - 测试结果处：【PASS】
================【case91】测试结束================

================【case92】测试开始================

【case92】测试类型【放大测试】测试分辨率【MJPG 1280×720P 30(P 16:9)】测试步长【28】
获取放大log数据……
['896', '504', '2048', '1152']
[3840, 2160]
本次放大【28】step测试比对结果为：【PASS】
获取移动log数据……
['928', '504', '2048', '1152']
[896, 504]
本次移动【1】step测试比对结果为：【PASS】
本次case测试结果为【PASS】
将测试结果写入excel表格对应Case的行 - 测试结果处：【PASS】
================【case92】测试结束================

================【case93】测试开始================

【case93】测试类型【放大测试】测试分辨率【MJPG 1280×720P 30(P 16:9)】测试步长【30】
获取放大log数据……
['960', '540', '1920', '1080']
[3840, 2160]
本次放大【30】step测试比对结果为：【PASS】
获取移动log数据……
['992', '540', '1920', '1080']
[960, 540]
本次移动【1】step测试比对结果为：【PASS】
本次case测试结果为【PASS】
将测试结果写入excel表格对应Case的行 - 测试结果处：【PASS】
================【case93】测试结束================

================【case94】测试开始================

【case94】测试类型【放大测试】测试分辨率【MJPG 1280×720P 30(P 16:9)】测试步长【31】
获取放大log数据……
['992', '558', '1856', '1044']
[3840, 2160]
本次放大【31】step测试比对结果为：【PASS】
获取移动log数据……
['1024', '558', '1856', '1044']
[992, 558]
本次移动【1】step测试比对结果为：【PASS】
本次case测试结果为【PASS】
将测试结果写入excel表格对应Case的行 - 测试结果处：【PASS】
================【case94】测试结束================

================【case95】测试开始================

【case95】测试类型【放大测试】测试分辨率【MJPG 1280×720P 30(P 16:9)】测试步长【33】
获取放大log数据……
['1056', '594', '1728', '972']
[3840, 2160]
本次放大【33】step测试比对结果为：【PASS】
获取移动log数据……
['1088', '594', '1728', '972']
[1056, 594]
本次移动【1】step测试比对结果为：【PASS】
本次case测试结果为【PASS】
将测试结果写入excel表格对应Case的行 - 测试结果处：【PASS】
================【case95】测试结束================

================【case96】测试开始================

【case96】测试类型【放大测试】测试分辨率【MJPG 1280×720P 30(P 16:9)】测试步长【34】
获取放大log数据……
['1088', '612', '1664', '936']
[3840, 2160]
本次放大【34】step测试比对结果为：【PASS】
获取移动log数据……
['1120', '612', '1664', '936']
[1088, 612]
本次移动【1】step测试比对结果为：【PASS】
本次case测试结果为【PASS】
将测试结果写入excel表格对应Case的行 - 测试结果处：【PASS】
================【case96】测试结束================

================【case97】测试开始================

【case97】测试类型【放大测试】测试分辨率【MJPG 1280×720P 30(P 16:9)】测试步长【35】
获取放大log数据……
['1120', '630', '1600', '900']
[3840, 2160]
本次放大【35】step测试比对结果为：【PASS】
获取移动log数据……
['1152', '630', '1600', '900']
[1120, 630]
本次移动【1】step测试比对结果为：【PASS】
本次case测试结果为【PASS】
将测试结果写入excel表格对应Case的行 - 测试结果处：【PASS】
================【case97】测试结束================

================【case98】测试开始================

【case98】测试类型【放大测试】测试分辨率【MJPG 1280×720P 30(P 16:9)】测试步长【36】
获取放大log数据……
['1152', '648', '1536', '864']
[3840, 2160]
本次放大【36】step测试比对结果为：【PASS】
获取移动log数据……
['1184', '648', '1536', '864']
[1152, 648]
本次移动【1】step测试比对结果为：【PASS】
本次case测试结果为【PASS】
将测试结果写入excel表格对应Case的行 - 测试结果处：【PASS】
================【case98】测试结束================

================【case99】测试开始================

【case99】测试类型【放大测试】测试分辨率【MJPG 1280×720P 30(P 16:9)】测试步长【37】
获取放大log数据……
['1184', '666', '1472', '828']
[3840, 2160]
本次放大【37】step测试比对结果为：【PASS】
获取移动log数据……
['1216', '666', '1472', '828']
[1184, 666]
本次移动【1】step测试比对结果为：【PASS】
本次case测试结果为【PASS】
将测试结果写入excel表格对应Case的行 - 测试结果处：【PASS】
================【case99】测试结束================

================【case100】测试开始================

【case100】测试类型【放大测试】测试分辨率【MJPG 1280×720P 30(P 16:9)】测试步长【38】
获取放大log数据……
['1216', '684', '1408', '792']
[3840, 2160]
本次放大【38】step测试比对结果为：【PASS】
获取移动log数据……
['1248', '684', '1408', '792']
[1216, 684]
本次移动【1】step测试比对结果为：【PASS】
本次case测试结果为【PASS】
将测试结果写入excel表格对应Case的行 - 测试结果处：【PASS】
================【case100】测试结束================

================【case101】测试开始================

【case101】测试类型【放大测试】测试分辨率【MJPG 1280×720P 30(P 16:9)】测试步长【39】
获取放大log数据……
['1248', '702', '1344', '756']
[3840, 2160]
本次放大【39】step测试比对结果为：【PASS】
获取移动log数据……
['1280', '702', '1344', '756']
[1248, 702]
本次移动【1】step测试比对结果为：【PASS】
本次case测试结果为【PASS】
将测试结果写入excel表格对应Case的行 - 测试结果处：【PASS】
================【case101】测试结束================

================【case102】测试开始================

【case102】测试类型【放大测试】测试分辨率【MJPG 1280×720P 30(P 16:9)】测试步长【40】
获取放大log数据……
['1280', '720', '1280', '720']
[3840, 2160]
本次放大【40】step测试比对结果为：【PASS】
获取移动log数据……
['1312', '720', '1280', '720']
[1280, 720]
本次移动【1】step测试比对结果为：【PASS】
本次case测试结果为【PASS】
将测试结果写入excel表格对应Case的行 - 测试结果处：【PASS】
================【case102】测试结束================

================【case103】测试开始================

【case103】测试类型【错误值测试】测试分辨率【MJPG 1280×720P 30(P 16:9)】测试步长【53】
错误值检测PASS，返回检测失败！
本次case测试结果为【PASS】
将测试结果写入excel表格对应Case的行 - 测试结果处：【PASS】
================【case103】测试结束================

================【case104】测试开始================

【case104】测试类型【缩小测试】测试分辨率【MJPG 1280×720P 30(P 16:9)】测试步长1【40】测试步长2【1】
获取放大log数据……
['1280', '720', '1280', '720']
缩小测试：第一次放大返回w为【1280】，h为【720】
获取放大log数据……
['1248', '702', '1344', '756']
[1280, 720]
本次先放大【40】后缩小【1】step测试比对结果为：【PASS】
获取移动log数据……
['1280', '702', '1344', '756']
[1248, 702]
本次移动【1】step测试比对结果为：【PASS】
本次case测试结果为【PASS】
将测试结果写入excel表格对应Case的行 - 测试结果处：【PASS】
================【case104】测试结束================

================【case105】测试开始================

【case105】测试类型【缩小测试】测试分辨率【MJPG 1280×720P 30(P 16:9)】测试步长1【40】测试步长2【2】
获取放大log数据……
['1280', '720', '1280', '720']
缩小测试：第一次放大返回w为【1280】，h为【720】
获取放大log数据……
['1216', '684', '1408', '792']
[1280, 720]
本次先放大【40】后缩小【2】step测试比对结果为：【PASS】
获取移动log数据……
['1248', '684', '1408', '792']
[1216, 684]
本次移动【1】step测试比对结果为：【PASS】
本次case测试结果为【PASS】
将测试结果写入excel表格对应Case的行 - 测试结果处：【PASS】
================【case105】测试结束================

================【case106】测试开始================

【case106】测试类型【缩小测试】测试分辨率【MJPG 1280×720P 30(P 16:9)】测试步长1【40】测试步长2【3】
获取放大log数据……
['1280', '720', '1280', '720']
缩小测试：第一次放大返回w为【1280】，h为【720】
获取放大log数据……
['1184', '666', '1472', '828']
[1280, 720]
本次先放大【40】后缩小【3】step测试比对结果为：【PASS】
获取移动log数据……
['1216', '666', '1472', '828']
[1184, 666]
本次移动【1】step测试比对结果为：【PASS】
本次case测试结果为【PASS】
将测试结果写入excel表格对应Case的行 - 测试结果处：【PASS】
================【case106】测试结束================

================【case107】测试开始================

【case107】测试类型【缩小测试】测试分辨率【MJPG 1280×720P 30(P 16:9)】测试步长1【40】测试步长2【4】
获取放大log数据……
['1280', '720', '1280', '720']
缩小测试：第一次放大返回w为【1280】，h为【720】
获取放大log数据……
['1152', '648', '1536', '864']
[1280, 720]
本次先放大【40】后缩小【4】step测试比对结果为：【PASS】
获取移动log数据……
['1184', '648', '1536', '864']
[1152, 648]
本次移动【1】step测试比对结果为：【PASS】
本次case测试结果为【PASS】
将测试结果写入excel表格对应Case的行 - 测试结果处：【PASS】
================【case107】测试结束================

================【case108】测试开始================

【case108】测试类型【缩小测试】测试分辨率【MJPG 1280×720P 30(P 16:9)】测试步长1【40】测试步长2【5】
获取放大log数据……
['1280', '720', '1280', '720']
缩小测试：第一次放大返回w为【1280】，h为【720】
获取放大log数据……
['1120', '630', '1600', '900']
[1280, 720]
本次先放大【40】后缩小【5】step测试比对结果为：【PASS】
获取移动log数据……
['1152', '630', '1600', '900']
[1120, 630]
本次移动【1】step测试比对结果为：【PASS】
本次case测试结果为【PASS】
将测试结果写入excel表格对应Case的行 - 测试结果处：【PASS】
================【case108】测试结束================

================【case109】测试开始================

【case109】测试类型【缩小测试】测试分辨率【MJPG 1280×720P 30(P 16:9)】测试步长1【40】测试步长2【6】
获取放大log数据……
['1280', '720', '1280', '720']
缩小测试：第一次放大返回w为【1280】，h为【720】
获取放大log数据……
['1088', '612', '1664', '936']
[1280, 720]
本次先放大【40】后缩小【6】step测试比对结果为：【PASS】
获取移动log数据……
['1120', '612', '1664', '936']
[1088, 612]
本次移动【1】step测试比对结果为：【PASS】
本次case测试结果为【PASS】
将测试结果写入excel表格对应Case的行 - 测试结果处：【PASS】
================【case109】测试结束================

================【case110】测试开始================

【case110】测试类型【缩小测试】测试分辨率【MJPG 1280×720P 30(P 16:9)】测试步长1【40】测试步长2【7】
获取放大log数据……
['1280', '720', '1280', '720']
缩小测试：第一次放大返回w为【1280】，h为【720】
获取放大log数据……
['1056', '594', '1728', '972']
[1280, 720]
本次先放大【40】后缩小【7】step测试比对结果为：【PASS】
获取移动log数据……
['1088', '594', '1728', '972']
[1056, 594]
本次移动【1】step测试比对结果为：【PASS】
本次case测试结果为【PASS】
将测试结果写入excel表格对应Case的行 - 测试结果处：【PASS】
================【case110】测试结束================

================【case111】测试开始================

【case111】测试类型【缩小测试】测试分辨率【MJPG 1280×720P 30(P 16:9)】测试步长1【40】测试步长2【9】
获取放大log数据……
['1280', '720', '1280', '720']
缩小测试：第一次放大返回w为【1280】，h为【720】
获取放大log数据……
['992', '558', '1856', '1044']
[1280, 720]
本次先放大【40】后缩小【9】step测试比对结果为：【PASS】
获取移动log数据……
['1024', '558', '1856', '1044']
[992, 558]
本次移动【1】step测试比对结果为：【PASS】
本次case测试结果为【PASS】
将测试结果写入excel表格对应Case的行 - 测试结果处：【PASS】
================【case111】测试结束================

================【case112】测试开始================

【case112】测试类型【缩小测试】测试分辨率【MJPG 1280×720P 30(P 16:9)】测试步长1【40】测试步长2【10】
获取放大log数据……
['1280', '720', '1280', '720']
缩小测试：第一次放大返回w为【1280】，h为【720】
获取放大log数据……
['960', '540', '1920', '1080']
[1280, 720]
本次先放大【40】后缩小【10】step测试比对结果为：【PASS】
获取移动log数据……
['992', '540', '1920', '1080']
[960, 540]
本次移动【1】step测试比对结果为：【PASS】
本次case测试结果为【PASS】
将测试结果写入excel表格对应Case的行 - 测试结果处：【PASS】
================【case112】测试结束================

================【case113】测试开始================

【case113】测试类型【缩小测试】测试分辨率【MJPG 1280×720P 30(P 16:9)】测试步长1【40】测试步长2【12】
获取放大log数据……
['1280', '720', '1280', '720']
缩小测试：第一次放大返回w为【1280】，h为【720】
获取放大log数据……
['896', '504', '2048', '1152']
[1280, 720]
本次先放大【40】后缩小【12】step测试比对结果为：【PASS】
获取移动log数据……
['928', '504', '2048', '1152']
[896, 504]
本次移动【1】step测试比对结果为：【PASS】
本次case测试结果为【PASS】
将测试结果写入excel表格对应Case的行 - 测试结果处：【PASS】
================【case113】测试结束================

================【case114】测试开始================

【case114】测试类型【缩小测试】测试分辨率【MJPG 1280×720P 30(P 16:9)】测试步长1【40】测试步长2【13】
获取放大log数据……
['1280', '720', '1280', '720']
缩小测试：第一次放大返回w为【1280】，h为【720】
获取放大log数据……
['864', '486', '2112', '1188']
[1280, 720]
本次先放大【40】后缩小【13】step测试比对结果为：【PASS】
获取移动log数据……
['896', '486', '2112', '1188']
[864, 486]
本次移动【1】step测试比对结果为：【PASS】
本次case测试结果为【PASS】
将测试结果写入excel表格对应Case的行 - 测试结果处：【PASS】
================【case114】测试结束================

================【case115】测试开始================

【case115】测试类型【缩小测试】测试分辨率【MJPG 1280×720P 30(P 16:9)】测试步长1【40】测试步长2【15】
获取放大log数据……
['1280', '720', '1280', '720']
缩小测试：第一次放大返回w为【1280】，h为【720】
获取放大log数据……
['800', '450', '2240', '1260']
[1280, 720]
本次先放大【40】后缩小【15】step测试比对结果为：【PASS】
获取移动log数据……
['832', '450', '2240', '1260']
[800, 450]
本次移动【1】step测试比对结果为：【PASS】
本次case测试结果为【PASS】
将测试结果写入excel表格对应Case的行 - 测试结果处：【PASS】
================【case115】测试结束================

================【case116】测试开始================

【case116】测试类型【缩小测试】测试分辨率【MJPG 1280×720P 30(P 16:9)】测试步长1【40】测试步长2【18】
获取放大log数据……
['1280', '720', '1280', '720']
缩小测试：第一次放大返回w为【1280】，h为【720】
获取放大log数据……
['704', '396', '2432', '1368']
[1280, 720]
本次先放大【40】后缩小【18】step测试比对结果为：【PASS】
获取移动log数据……
['736', '396', '2432', '1368']
[704, 396]
本次移动【1】step测试比对结果为：【PASS】
本次case测试结果为【PASS】
将测试结果写入excel表格对应Case的行 - 测试结果处：【PASS】
================【case116】测试结束================

================【case117】测试开始================

【case117】测试类型【缩小测试】测试分辨率【MJPG 1280×720P 30(P 16:9)】测试步长1【40】测试步长2【20】
获取放大log数据……
['1280', '720', '1280', '720']
缩小测试：第一次放大返回w为【1280】，h为【720】
获取放大log数据……
['640', '360', '2560', '1440']
[1280, 720]
本次先放大【40】后缩小【20】step测试比对结果为：【PASS】
获取移动log数据……
['672', '360', '2560', '1440']
[640, 360]
本次移动【1】step测试比对结果为：【PASS】
本次case测试结果为【PASS】
将测试结果写入excel表格对应Case的行 - 测试结果处：【PASS】
================【case117】测试结束================

================【case118】测试开始================

【case118】测试类型【缩小测试】测试分辨率【MJPG 1280×720P 30(P 16:9)】测试步长1【40】测试步长2【23】
获取放大log数据……
['1280', '720', '1280', '720']
缩小测试：第一次放大返回w为【1280】，h为【720】
获取放大log数据……
['544', '306', '2752', '1548']
[1280, 720]
本次先放大【40】后缩小【23】step测试比对结果为：【PASS】
获取移动log数据……
['576', '306', '2752', '1548']
[544, 306]
本次移动【1】step测试比对结果为：【PASS】
本次case测试结果为【PASS】
将测试结果写入excel表格对应Case的行 - 测试结果处：【PASS】
================【case118】测试结束================

================【case119】测试开始================

【case119】测试类型【缩小测试】测试分辨率【MJPG 1280×720P 30(P 16:9)】测试步长1【40】测试步长2【26】
获取放大log数据……
['1280', '720', '1280', '720']
缩小测试：第一次放大返回w为【1280】，h为【720】
获取放大log数据……
['448', '252', '2944', '1656']
[1280, 720]
本次先放大【40】后缩小【26】step测试比对结果为：【PASS】
获取移动log数据……
['480', '252', '2944', '1656']
[448, 252]
本次移动【1】step测试比对结果为：【PASS】
本次case测试结果为【PASS】
将测试结果写入excel表格对应Case的行 - 测试结果处：【PASS】
================【case119】测试结束================

================【case120】测试开始================

【case120】测试类型【缩小测试】测试分辨率【MJPG 1280×720P 30(P 16:9)】测试步长1【40】测试步长2【30】
获取放大log数据……
['1280', '720', '1280', '720']
缩小测试：第一次放大返回w为【1280】，h为【720】
获取放大log数据……
['320', '180', '3200', '1800']
[1280, 720]
本次先放大【40】后缩小【30】step测试比对结果为：【PASS】
获取移动log数据……
['352', '180', '3200', '1800']
[320, 180]
本次移动【1】step测试比对结果为：【PASS】
本次case测试结果为【PASS】
将测试结果写入excel表格对应Case的行 - 测试结果处：【PASS】
================【case120】测试结束================

================【case121】测试开始================

【case121】测试类型【缩小测试】测试分辨率【MJPG 1280×720P 30(P 16:9)】测试步长1【40】测试步长2【35】
获取放大log数据……
['1280', '720', '1280', '720']
缩小测试：第一次放大返回w为【1280】，h为【720】
获取放大log数据……
['160', '90', '3520', '1980']
[1280, 720]
本次先放大【40】后缩小【35】step测试比对结果为：【PASS】
获取移动log数据……
['192', '90', '3520', '1980']
[160, 90]
本次移动【1】step测试比对结果为：【PASS】
本次case测试结果为【PASS】
将测试结果写入excel表格对应Case的行 - 测试结果处：【PASS】
================【case121】测试结束================

================【case122】测试开始================

【case122】测试类型【缩小测试】测试分辨率【MJPG 1280×720P 30(P 16:9)】测试步长1【40】测试步长2【40】
获取放大log数据……
['1280', '720', '1280', '720']
缩小测试：第一次放大返回w为【1280】，h为【720】
当前已到达边界，弹框出现
本次先放大【40】后缩小【40】step测试比对结果为：【PASS】
本次case测试结果为【PASS】
将测试结果写入excel表格对应Case的行 - 测试结果处：【PASS】
================【case122】测试结束================

================【case123】测试开始================

【case123】测试类型【错误值测试】测试分辨率【MJPG 1280×720P 30(P 16:9)】测试步长1【40】测试步长2【53】
错误值检测PASS，返回检测失败！
本次case测试结果为【PASS】
将测试结果写入excel表格对应Case的行 - 测试结果处：【PASS】
================【case123】测试结束================

================【case124】测试开始================

【case124】测试类型【错误值测试】测试分辨率【H264 3840×2160P 30(P 16:9)】测试步长【1】
错误值检测PASS，返回检测失败！
本次case测试结果为【PASS】
将测试结果写入excel表格对应Case的行 - 测试结果处：【PASS】
================【case124】测试结束================

================【case125】测试开始================

【case125】测试类型【放大测试】测试分辨率【H264 3840×2160P 30(P 16:9)】测试步长【5】
获取放大log数据……
['160', '90', '3520', '1980']
[3840, 2160]
本次放大【5】step测试比对结果为：【PASS】
获取移动log数据……
['192', '90', '3520', '1980']
[160, 90]
本次移动【1】step测试比对结果为：【PASS】
本次case测试结果为【PASS】
将测试结果写入excel表格对应Case的行 - 测试结果处：【PASS】
================【case125】测试结束================

================【case126】测试开始================

【case126】测试类型【放大测试】测试分辨率【H264 3840×2160P 30(P 16:9)】测试步长【10】
获取放大log数据……
['320', '180', '3200', '1800']
[3840, 2160]
本次放大【10】step测试比对结果为：【PASS】
获取移动log数据……
['352', '180', '3200', '1800']
[320, 180]
本次移动【1】step测试比对结果为：【PASS】
本次case测试结果为【PASS】
将测试结果写入excel表格对应Case的行 - 测试结果处：【PASS】
================【case126】测试结束================

================【case127】测试开始================

【case127】测试类型【放大测试】测试分辨率【H264 3840×2160P 30(P 16:9)】测试步长【14】
获取放大log数据……
['448', '252', '2944', '1656']
[3840, 2160]
本次放大【14】step测试比对结果为：【PASS】
获取移动log数据……
['480', '252', '2944', '1656']
[448, 252]
本次移动【1】step测试比对结果为：【PASS】
本次case测试结果为【PASS】
将测试结果写入excel表格对应Case的行 - 测试结果处：【PASS】
================【case127】测试结束================

================【case128】测试开始================

【case128】测试类型【放大测试】测试分辨率【H264 3840×2160P 30(P 16:9)】测试步长【17】
获取放大log数据……
['544', '306', '2752', '1548']
[3840, 2160]
本次放大【17】step测试比对结果为：【PASS】
获取移动log数据……
['576', '306', '2752', '1548']
[544, 306]
本次移动【1】step测试比对结果为：【PASS】
本次case测试结果为【PASS】
将测试结果写入excel表格对应Case的行 - 测试结果处：【PASS】
================【case128】测试结束================

================【case129】测试开始================

【case129】测试类型【放大测试】测试分辨率【H264 3840×2160P 30(P 16:9)】测试步长【20】
获取放大log数据……
['640', '360', '2560', '1440']
[3840, 2160]
本次放大【20】step测试比对结果为：【PASS】
获取移动log数据……
['672', '360', '2560', '1440']
[640, 360]
本次移动【1】step测试比对结果为：【PASS】
本次case测试结果为【PASS】
将测试结果写入excel表格对应Case的行 - 测试结果处：【PASS】
================【case129】测试结束================

================【case130】测试开始================

【case130】测试类型【放大测试】测试分辨率【H264 3840×2160P 30(P 16:9)】测试步长【23】
获取放大log数据……
['736', '414', '2368', '1332']
[3840, 2160]
本次放大【23】step测试比对结果为：【PASS】
获取移动log数据……
['768', '414', '2368', '1332']
[736, 414]
本次移动【1】step测试比对结果为：【PASS】
本次case测试结果为【PASS】
将测试结果写入excel表格对应Case的行 - 测试结果处：【PASS】
================【case130】测试结束================

================【case131】测试开始================

【case131】测试类型【放大测试】测试分辨率【H264 3840×2160P 30(P 16:9)】测试步长【25】
获取放大log数据……
['800', '450', '2240', '1260']
[3840, 2160]
本次放大【25】step测试比对结果为：【PASS】
获取移动log数据……
['832', '450', '2240', '1260']
[800, 450]
本次移动【1】step测试比对结果为：【PASS】
本次case测试结果为【PASS】
将测试结果写入excel表格对应Case的行 - 测试结果处：【PASS】
================【case131】测试结束================

================【case132】测试开始================

【case132】测试类型【放大测试】测试分辨率【H264 3840×2160P 30(P 16:9)】测试步长【27】
获取放大log数据……
['864', '486', '2112', '1188']
[3840, 2160]
本次放大【27】step测试比对结果为：【PASS】
获取移动log数据……
['896', '486', '2112', '1188']
[864, 486]
本次移动【1】step测试比对结果为：【PASS】
本次case测试结果为【PASS】
将测试结果写入excel表格对应Case的行 - 测试结果处：【PASS】
================【case132】测试结束================

================【case133】测试开始================

【case133】测试类型【放大测试】测试分辨率【H264 3840×2160P 30(P 16:9)】测试步长【28】
获取放大log数据……
['896', '504', '2048', '1152']
[3840, 2160]
本次放大【28】step测试比对结果为：【PASS】
获取移动log数据……
['928', '504', '2048', '1152']
[896, 504]
本次移动【1】step测试比对结果为：【PASS】
本次case测试结果为【PASS】
将测试结果写入excel表格对应Case的行 - 测试结果处：【PASS】
================【case133】测试结束================

================【case134】测试开始================

【case134】测试类型【放大测试】测试分辨率【H264 3840×2160P 30(P 16:9)】测试步长【30】
获取放大log数据……
['960', '540', '1920', '1080']
[3840, 2160]
本次放大【30】step测试比对结果为：【PASS】
获取移动log数据……
['992', '540', '1920', '1080']
[960, 540]
本次移动【1】step测试比对结果为：【PASS】
本次case测试结果为【PASS】
将测试结果写入excel表格对应Case的行 - 测试结果处：【PASS】
================【case134】测试结束================

================【case135】测试开始================

【case135】测试类型【放大测试】测试分辨率【H264 3840×2160P 30(P 16:9)】测试步长【31】
获取放大log数据……
['992', '558', '1856', '1044']
[3840, 2160]
本次放大【31】step测试比对结果为：【PASS】
获取移动log数据……
['1024', '558', '1856', '1044']
[992, 558]
本次移动【1】step测试比对结果为：【PASS】
本次case测试结果为【PASS】
将测试结果写入excel表格对应Case的行 - 测试结果处：【PASS】
================【case135】测试结束================

================【case136】测试开始================

【case136】测试类型【放大测试】测试分辨率【H264 3840×2160P 30(P 16:9)】测试步长【33】
获取放大log数据……
['1056', '594', '1728', '972']
[3840, 2160]
本次放大【33】step测试比对结果为：【PASS】
获取移动log数据……
['1088', '594', '1728', '972']
[1056, 594]
本次移动【1】step测试比对结果为：【PASS】
本次case测试结果为【PASS】
将测试结果写入excel表格对应Case的行 - 测试结果处：【PASS】
================【case136】测试结束================

================【case137】测试开始================

【case137】测试类型【放大测试】测试分辨率【H264 3840×2160P 30(P 16:9)】测试步长【34】
获取放大log数据……
['1088', '612', '1664', '936']
[3840, 2160]
本次放大【34】step测试比对结果为：【PASS】
获取移动log数据……
['1120', '612', '1664', '936']
[1088, 612]
本次移动【1】step测试比对结果为：【PASS】
本次case测试结果为【PASS】
将测试结果写入excel表格对应Case的行 - 测试结果处：【PASS】
================【case137】测试结束================

================【case138】测试开始================

【case138】测试类型【放大测试】测试分辨率【H264 3840×2160P 30(P 16:9)】测试步长【35】
获取放大log数据……
['1120', '630', '1600', '900']
[3840, 2160]
本次放大【35】step测试比对结果为：【PASS】
获取移动log数据……
['1152', '630', '1600', '900']
[1120, 630]
本次移动【1】step测试比对结果为：【PASS】
本次case测试结果为【PASS】
将测试结果写入excel表格对应Case的行 - 测试结果处：【PASS】
================【case138】测试结束================

================【case139】测试开始================

【case139】测试类型【放大测试】测试分辨率【H264 3840×2160P 30(P 16:9)】测试步长【36】
获取放大log数据……
['1152', '648', '1536', '864']
[3840, 2160]
本次放大【36】step测试比对结果为：【PASS】
获取移动log数据……
['1184', '648', '1536', '864']
[1152, 648]
本次移动【1】step测试比对结果为：【PASS】
本次case测试结果为【PASS】
将测试结果写入excel表格对应Case的行 - 测试结果处：【PASS】
================【case139】测试结束================

================【case140】测试开始================

【case140】测试类型【放大测试】测试分辨率【H264 3840×2160P 30(P 16:9)】测试步长【37】
获取放大log数据……
['1184', '666', '1472', '828']
[3840, 2160]
本次放大【37】step测试比对结果为：【PASS】
获取移动log数据……
['1216', '666', '1472', '828']
[1184, 666]
本次移动【1】step测试比对结果为：【PASS】
本次case测试结果为【PASS】
将测试结果写入excel表格对应Case的行 - 测试结果处：【PASS】
================【case140】测试结束================

================【case141】测试开始================

【case141】测试类型【放大测试】测试分辨率【H264 3840×2160P 30(P 16:9)】测试步长【38】
获取放大log数据……
['1216', '684', '1408', '792']
[3840, 2160]
本次放大【38】step测试比对结果为：【PASS】
获取移动log数据……
['1248', '684', '1408', '792']
[1216, 684]
本次移动【1】step测试比对结果为：【PASS】
本次case测试结果为【PASS】
将测试结果写入excel表格对应Case的行 - 测试结果处：【PASS】
================【case141】测试结束================

================【case142】测试开始================

【case142】测试类型【放大测试】测试分辨率【H264 3840×2160P 30(P 16:9)】测试步长【39】
获取放大log数据……
['1248', '702', '1344', '756']
[3840, 2160]
本次放大【39】step测试比对结果为：【PASS】
获取移动log数据……
['1280', '702', '1344', '756']
[1248, 702]
本次移动【1】step测试比对结果为：【PASS】
本次case测试结果为【PASS】
将测试结果写入excel表格对应Case的行 - 测试结果处：【PASS】
================【case142】测试结束================

================【case143】测试开始================

【case143】测试类型【放大测试】测试分辨率【H264 3840×2160P 30(P 16:9)】测试步长【40】
获取放大log数据……
['1280', '720', '1280', '720']
[3840, 2160]
本次放大【40】step测试比对结果为：【PASS】
获取移动log数据……
['1312', '720', '1280', '720']
[1280, 720]
本次移动【1】step测试比对结果为：【PASS】
本次case测试结果为【PASS】
将测试结果写入excel表格对应Case的行 - 测试结果处：【PASS】
================【case143】测试结束================

================【case144】测试开始================

【case144】测试类型【错误值测试】测试分辨率【H264 3840×2160P 30(P 16:9)】测试步长【53】
错误值检测PASS，返回检测失败！
本次case测试结果为【PASS】
将测试结果写入excel表格对应Case的行 - 测试结果处：【PASS】
================【case144】测试结束================

================【case145】测试开始================

【case145】测试类型【缩小测试】测试分辨率【H264 3840×2160P 30(P 16:9)】测试步长1【40】测试步长2【1】
获取放大log数据……
['1280', '720', '1280', '720']
缩小测试：第一次放大返回w为【1280】，h为【720】
获取放大log数据……
['1248', '702', '1344', '756']
[1280, 720]
本次先放大【40】后缩小【1】step测试比对结果为：【PASS】
获取移动log数据……
['1280', '702', '1344', '756']
[1248, 702]
本次移动【1】step测试比对结果为：【PASS】
本次case测试结果为【PASS】
将测试结果写入excel表格对应Case的行 - 测试结果处：【PASS】
================【case145】测试结束================

================【case146】测试开始================

【case146】测试类型【缩小测试】测试分辨率【H264 3840×2160P 30(P 16:9)】测试步长1【40】测试步长2【2】
获取放大log数据……
['1280', '720', '1280', '720']
缩小测试：第一次放大返回w为【1280】，h为【720】
获取放大log数据……
['1216', '684', '1408', '792']
[1280, 720]
本次先放大【40】后缩小【2】step测试比对结果为：【PASS】
获取移动log数据……
['1248', '684', '1408', '792']
[1216, 684]
本次移动【1】step测试比对结果为：【PASS】
本次case测试结果为【PASS】
将测试结果写入excel表格对应Case的行 - 测试结果处：【PASS】
================【case146】测试结束================

================【case147】测试开始================

【case147】测试类型【缩小测试】测试分辨率【H264 3840×2160P 30(P 16:9)】测试步长1【40】测试步长2【3】
获取放大log数据……
['1280', '720', '1280', '720']
缩小测试：第一次放大返回w为【1280】，h为【720】
获取放大log数据……
['1184', '666', '1472', '828']
[1280, 720]
本次先放大【40】后缩小【3】step测试比对结果为：【PASS】
获取移动log数据……
['1216', '666', '1472', '828']
[1184, 666]
本次移动【1】step测试比对结果为：【PASS】
本次case测试结果为【PASS】
将测试结果写入excel表格对应Case的行 - 测试结果处：【PASS】
================【case147】测试结束================

================【case148】测试开始================

【case148】测试类型【缩小测试】测试分辨率【H264 3840×2160P 30(P 16:9)】测试步长1【40】测试步长2【4】
获取放大log数据……
['1280', '720', '1280', '720']
缩小测试：第一次放大返回w为【1280】，h为【720】
获取放大log数据……
['1152', '648', '1536', '864']
[1280, 720]
本次先放大【40】后缩小【4】step测试比对结果为：【PASS】
获取移动log数据……
['1184', '648', '1536', '864']
[1152, 648]
本次移动【1】step测试比对结果为：【PASS】
本次case测试结果为【PASS】
将测试结果写入excel表格对应Case的行 - 测试结果处：【PASS】
================【case148】测试结束================

================【case149】测试开始================

【case149】测试类型【缩小测试】测试分辨率【H264 3840×2160P 30(P 16:9)】测试步长1【40】测试步长2【5】
获取放大log数据……
['1280', '720', '1280', '720']
缩小测试：第一次放大返回w为【1280】，h为【720】
获取放大log数据……
['1120', '630', '1600', '900']
[1280, 720]
本次先放大【40】后缩小【5】step测试比对结果为：【PASS】
获取移动log数据……
['1152', '630', '1600', '900']
[1120, 630]
本次移动【1】step测试比对结果为：【PASS】
本次case测试结果为【PASS】
将测试结果写入excel表格对应Case的行 - 测试结果处：【PASS】
================【case149】测试结束================

================【case150】测试开始================

【case150】测试类型【缩小测试】测试分辨率【H264 3840×2160P 30(P 16:9)】测试步长1【40】测试步长2【6】
获取放大log数据……
['1280', '720', '1280', '720']
缩小测试：第一次放大返回w为【1280】，h为【720】
获取放大log数据……
['1088', '612', '1664', '936']
[1280, 720]
本次先放大【40】后缩小【6】step测试比对结果为：【PASS】
获取移动log数据……
['1120', '612', '1664', '936']
[1088, 612]
本次移动【1】step测试比对结果为：【PASS】
本次case测试结果为【PASS】
将测试结果写入excel表格对应Case的行 - 测试结果处：【PASS】
================【case150】测试结束================

================【case151】测试开始================

【case151】测试类型【缩小测试】测试分辨率【H264 3840×2160P 30(P 16:9)】测试步长1【40】测试步长2【7】
获取放大log数据……
['1280', '720', '1280', '720']
缩小测试：第一次放大返回w为【1280】，h为【720】
获取放大log数据……
['1056', '594', '1728', '972']
[1280, 720]
本次先放大【40】后缩小【7】step测试比对结果为：【PASS】
获取移动log数据……
['1088', '594', '1728', '972']
[1056, 594]
本次移动【1】step测试比对结果为：【PASS】
本次case测试结果为【PASS】
将测试结果写入excel表格对应Case的行 - 测试结果处：【PASS】
================【case151】测试结束================

================【case152】测试开始================

【case152】测试类型【缩小测试】测试分辨率【H264 3840×2160P 30(P 16:9)】测试步长1【40】测试步长2【9】
获取放大log数据……
['1280', '720', '1280', '720']
缩小测试：第一次放大返回w为【1280】，h为【720】
获取放大log数据……
['992', '558', '1856', '1044']
[1280, 720]
本次先放大【40】后缩小【9】step测试比对结果为：【PASS】
获取移动log数据……
['1024', '558', '1856', '1044']
[992, 558]
本次移动【1】step测试比对结果为：【PASS】
本次case测试结果为【PASS】
将测试结果写入excel表格对应Case的行 - 测试结果处：【PASS】
================【case152】测试结束================

================【case153】测试开始================

【case153】测试类型【缩小测试】测试分辨率【H264 3840×2160P 30(P 16:9)】测试步长1【40】测试步长2【10】
获取放大log数据……
['1280', '720', '1280', '720']
缩小测试：第一次放大返回w为【1280】，h为【720】
获取放大log数据……
['960', '540', '1920', '1080']
[1280, 720]
本次先放大【40】后缩小【10】step测试比对结果为：【PASS】
获取移动log数据……
['992', '540', '1920', '1080']
[960, 540]
本次移动【1】step测试比对结果为：【PASS】
本次case测试结果为【PASS】
将测试结果写入excel表格对应Case的行 - 测试结果处：【PASS】
================【case153】测试结束================

================【case154】测试开始================

【case154】测试类型【缩小测试】测试分辨率【H264 3840×2160P 30(P 16:9)】测试步长1【40】测试步长2【12】
获取放大log数据……
['1280', '720', '1280', '720']
缩小测试：第一次放大返回w为【1280】，h为【720】
获取放大log数据……
['896', '504', '2048', '1152']
[1280, 720]
本次先放大【40】后缩小【12】step测试比对结果为：【PASS】
获取移动log数据……
['928', '504', '2048', '1152']
[896, 504]
本次移动【1】step测试比对结果为：【PASS】
本次case测试结果为【PASS】
将测试结果写入excel表格对应Case的行 - 测试结果处：【PASS】
================【case154】测试结束================

================【case155】测试开始================

【case155】测试类型【缩小测试】测试分辨率【H264 3840×2160P 30(P 16:9)】测试步长1【40】测试步长2【13】
获取放大log数据……
['1280', '720', '1280', '720']
缩小测试：第一次放大返回w为【1280】，h为【720】
获取放大log数据……
['864', '486', '2112', '1188']
[1280, 720]
本次先放大【40】后缩小【13】step测试比对结果为：【PASS】
获取移动log数据……
['896', '486', '2112', '1188']
[864, 486]
本次移动【1】step测试比对结果为：【PASS】
本次case测试结果为【PASS】
将测试结果写入excel表格对应Case的行 - 测试结果处：【PASS】
================【case155】测试结束================

================【case156】测试开始================

【case156】测试类型【缩小测试】测试分辨率【H264 3840×2160P 30(P 16:9)】测试步长1【40】测试步长2【15】
获取放大log数据……
['1280', '720', '1280', '720']
缩小测试：第一次放大返回w为【1280】，h为【720】
获取放大log数据……
['800', '450', '2240', '1260']
[1280, 720]
本次先放大【40】后缩小【15】step测试比对结果为：【PASS】
获取移动log数据……
['832', '450', '2240', '1260']
[800, 450]
本次移动【1】step测试比对结果为：【PASS】
本次case测试结果为【PASS】
将测试结果写入excel表格对应Case的行 - 测试结果处：【PASS】
================【case156】测试结束================

================【case157】测试开始================

【case157】测试类型【缩小测试】测试分辨率【H264 3840×2160P 30(P 16:9)】测试步长1【40】测试步长2【18】
获取放大log数据……
['1280', '720', '1280', '720']
缩小测试：第一次放大返回w为【1280】，h为【720】
获取放大log数据……
['704', '396', '2432', '1368']
[1280, 720]
本次先放大【40】后缩小【18】step测试比对结果为：【PASS】
获取移动log数据……
['736', '396', '2432', '1368']
[704, 396]
本次移动【1】step测试比对结果为：【PASS】
本次case测试结果为【PASS】
将测试结果写入excel表格对应Case的行 - 测试结果处：【PASS】
================【case157】测试结束================

================【case158】测试开始================

【case158】测试类型【缩小测试】测试分辨率【H264 3840×2160P 30(P 16:9)】测试步长1【40】测试步长2【20】
获取放大log数据……
['1280', '720', '1280', '720']
缩小测试：第一次放大返回w为【1280】，h为【720】
获取放大log数据……
['640', '360', '2560', '1440']
[1280, 720]
本次先放大【40】后缩小【20】step测试比对结果为：【PASS】
获取移动log数据……
['672', '360', '2560', '1440']
[640, 360]
本次移动【1】step测试比对结果为：【PASS】
本次case测试结果为【PASS】
将测试结果写入excel表格对应Case的行 - 测试结果处：【PASS】
================【case158】测试结束================

================【case159】测试开始================

【case159】测试类型【缩小测试】测试分辨率【H264 3840×2160P 30(P 16:9)】测试步长1【40】测试步长2【23】
获取放大log数据……
['1280', '720', '1280', '720']
缩小测试：第一次放大返回w为【1280】，h为【720】
获取放大log数据……
['544', '306', '2752', '1548']
[1280, 720]
本次先放大【40】后缩小【23】step测试比对结果为：【PASS】
获取移动log数据……
['576', '306', '2752', '1548']
[544, 306]
本次移动【1】step测试比对结果为：【PASS】
本次case测试结果为【PASS】
将测试结果写入excel表格对应Case的行 - 测试结果处：【PASS】
================【case159】测试结束================

================【case160】测试开始================

【case160】测试类型【缩小测试】测试分辨率【H264 3840×2160P 30(P 16:9)】测试步长1【40】测试步长2【26】
获取放大log数据……
['1280', '720', '1280', '720']
缩小测试：第一次放大返回w为【1280】，h为【720】
获取放大log数据……
['448', '252', '2944', '1656']
[1280, 720]
本次先放大【40】后缩小【26】step测试比对结果为：【PASS】
获取移动log数据……
['480', '252', '2944', '1656']
[448, 252]
本次移动【1】step测试比对结果为：【PASS】
本次case测试结果为【PASS】
将测试结果写入excel表格对应Case的行 - 测试结果处：【PASS】
================【case160】测试结束================

================【case161】测试开始================

【case161】测试类型【缩小测试】测试分辨率【H264 3840×2160P 30(P 16:9)】测试步长1【40】测试步长2【30】
获取放大log数据……
['1280', '720', '1280', '720']
缩小测试：第一次放大返回w为【1280】，h为【720】
获取放大log数据……
['320', '180', '3200', '1800']
[1280, 720]
本次先放大【40】后缩小【30】step测试比对结果为：【PASS】
获取移动log数据……
['352', '180', '3200', '1800']
[320, 180]
本次移动【1】step测试比对结果为：【PASS】
本次case测试结果为【PASS】
将测试结果写入excel表格对应Case的行 - 测试结果处：【PASS】
================【case161】测试结束================

================【case162】测试开始================

【case162】测试类型【缩小测试】测试分辨率【H264 3840×2160P 30(P 16:9)】测试步长1【40】测试步长2【35】
获取放大log数据……
['1280', '720', '1280', '720']
缩小测试：第一次放大返回w为【1280】，h为【720】
获取放大log数据……
['160', '90', '3520', '1980']
[1280, 720]
本次先放大【40】后缩小【35】step测试比对结果为：【PASS】
获取移动log数据……
['192', '90', '3520', '1980']
[160, 90]
本次移动【1】step测试比对结果为：【PASS】
本次case测试结果为【PASS】
将测试结果写入excel表格对应Case的行 - 测试结果处：【PASS】
================【case162】测试结束================

================【case163】测试开始================

【case163】测试类型【缩小测试】测试分辨率【H264 3840×2160P 30(P 16:9)】测试步长1【40】测试步长2【40】
获取放大log数据……
['1280', '720', '1280', '720']
缩小测试：第一次放大返回w为【1280】，h为【720】
当前已到达边界，弹框出现
本次先放大【40】后缩小【40】step测试比对结果为：【PASS】
本次case测试结果为【PASS】
将测试结果写入excel表格对应Case的行 - 测试结果处：【PASS】
================【case163】测试结束================

================【case164】测试开始================

【case164】测试类型【错误值测试】测试分辨率【H264 3840×2160P 30(P 16:9)】测试步长1【40】测试步长2【53】
错误值检测PASS，返回检测失败！
本次case测试结果为【PASS】
将测试结果写入excel表格对应Case的行 - 测试结果处：【PASS】
================【case164】测试结束================

================【case165】测试开始================

【case165】测试类型【错误值测试】测试分辨率【H264 1920×1080P 30(P 16:9)】测试步长【1】
错误值检测PASS，返回检测失败！
本次case测试结果为【PASS】
将测试结果写入excel表格对应Case的行 - 测试结果处：【PASS】
================【case165】测试结束================

================【case166】测试开始================

【case166】测试类型【放大测试】测试分辨率【H264 1920×1080P 30(P 16:9)】测试步长【5】
获取放大log数据……
['160', '90', '3520', '1980']
[3840, 2160]
本次放大【5】step测试比对结果为：【PASS】
获取移动log数据……
['192', '90', '3520', '1980']
[160, 90]
本次移动【1】step测试比对结果为：【PASS】
本次case测试结果为【PASS】
将测试结果写入excel表格对应Case的行 - 测试结果处：【PASS】
================【case166】测试结束================

================【case167】测试开始================

【case167】测试类型【放大测试】测试分辨率【H264 1920×1080P 30(P 16:9)】测试步长【10】
获取放大log数据……
['320', '180', '3200', '1800']
[3840, 2160]
本次放大【10】step测试比对结果为：【PASS】
获取移动log数据……
['352', '180', '3200', '1800']
[320, 180]
本次移动【1】step测试比对结果为：【PASS】
本次case测试结果为【PASS】
将测试结果写入excel表格对应Case的行 - 测试结果处：【PASS】
================【case167】测试结束================

================【case168】测试开始================

【case168】测试类型【放大测试】测试分辨率【H264 1920×1080P 30(P 16:9)】测试步长【14】
获取放大log数据……
['448', '252', '2944', '1656']
[3840, 2160]
本次放大【14】step测试比对结果为：【PASS】
获取移动log数据……
['480', '252', '2944', '1656']
[448, 252]
本次移动【1】step测试比对结果为：【PASS】
本次case测试结果为【PASS】
将测试结果写入excel表格对应Case的行 - 测试结果处：【PASS】
================【case168】测试结束================

================【case169】测试开始================

【case169】测试类型【放大测试】测试分辨率【H264 1920×1080P 30(P 16:9)】测试步长【17】
获取放大log数据……
['544', '306', '2752', '1548']
[3840, 2160]
本次放大【17】step测试比对结果为：【PASS】
获取移动log数据……
['576', '306', '2752', '1548']
[544, 306]
本次移动【1】step测试比对结果为：【PASS】
本次case测试结果为【PASS】
将测试结果写入excel表格对应Case的行 - 测试结果处：【PASS】
================【case169】测试结束================

================【case170】测试开始================

【case170】测试类型【放大测试】测试分辨率【H264 1920×1080P 30(P 16:9)】测试步长【20】
获取放大log数据……
['640', '360', '2560', '1440']
[3840, 2160]
本次放大【20】step测试比对结果为：【PASS】
获取移动log数据……
['672', '360', '2560', '1440']
[640, 360]
本次移动【1】step测试比对结果为：【PASS】
本次case测试结果为【PASS】
将测试结果写入excel表格对应Case的行 - 测试结果处：【PASS】
================【case170】测试结束================

================【case171】测试开始================

【case171】测试类型【放大测试】测试分辨率【H264 1920×1080P 30(P 16:9)】测试步长【23】
获取放大log数据……
['736', '414', '2368', '1332']
[3840, 2160]
本次放大【23】step测试比对结果为：【PASS】
获取移动log数据……
['768', '414', '2368', '1332']
[736, 414]
本次移动【1】step测试比对结果为：【PASS】
本次case测试结果为【PASS】
将测试结果写入excel表格对应Case的行 - 测试结果处：【PASS】
================【case171】测试结束================

================【case172】测试开始================

【case172】测试类型【放大测试】测试分辨率【H264 1920×1080P 30(P 16:9)】测试步长【25】
获取放大log数据……
['800', '450', '2240', '1260']
[3840, 2160]
本次放大【25】step测试比对结果为：【PASS】
获取移动log数据……
['832', '450', '2240', '1260']
[800, 450]
本次移动【1】step测试比对结果为：【PASS】
本次case测试结果为【PASS】
将测试结果写入excel表格对应Case的行 - 测试结果处：【PASS】
================【case172】测试结束================

================【case173】测试开始================

【case173】测试类型【放大测试】测试分辨率【H264 1920×1080P 30(P 16:9)】测试步长【27】
获取放大log数据……
['864', '486', '2112', '1188']
[3840, 2160]
本次放大【27】step测试比对结果为：【PASS】
获取移动log数据……
['896', '486', '2112', '1188']
[864, 486]
本次移动【1】step测试比对结果为：【PASS】
本次case测试结果为【PASS】
将测试结果写入excel表格对应Case的行 - 测试结果处：【PASS】
================【case173】测试结束================

================【case174】测试开始================

【case174】测试类型【放大测试】测试分辨率【H264 1920×1080P 30(P 16:9)】测试步长【28】
获取放大log数据……
['896', '504', '2048', '1152']
[3840, 2160]
本次放大【28】step测试比对结果为：【PASS】
获取移动log数据……
['928', '504', '2048', '1152']
[896, 504]
本次移动【1】step测试比对结果为：【PASS】
本次case测试结果为【PASS】
将测试结果写入excel表格对应Case的行 - 测试结果处：【PASS】
================【case174】测试结束================

================【case175】测试开始================

【case175】测试类型【放大测试】测试分辨率【H264 1920×1080P 30(P 16:9)】测试步长【30】
获取放大log数据……
['960', '540', '1920', '1080']
[3840, 2160]
本次放大【30】step测试比对结果为：【PASS】
获取移动log数据……
['992', '540', '1920', '1080']
[960, 540]
本次移动【1】step测试比对结果为：【PASS】
本次case测试结果为【PASS】
将测试结果写入excel表格对应Case的行 - 测试结果处：【PASS】
================【case175】测试结束================

================【case176】测试开始================

【case176】测试类型【放大测试】测试分辨率【H264 1920×1080P 30(P 16:9)】测试步长【31】
获取放大log数据……
['992', '558', '1856', '1044']
[3840, 2160]
本次放大【31】step测试比对结果为：【PASS】
获取移动log数据……
['1024', '558', '1856', '1044']
[992, 558]
本次移动【1】step测试比对结果为：【PASS】
本次case测试结果为【PASS】
将测试结果写入excel表格对应Case的行 - 测试结果处：【PASS】
================【case176】测试结束================

================【case177】测试开始================

【case177】测试类型【放大测试】测试分辨率【H264 1920×1080P 30(P 16:9)】测试步长【33】
获取放大log数据……
['1056', '594', '1728', '972']
[3840, 2160]
本次放大【33】step测试比对结果为：【PASS】
获取移动log数据……
['1088', '594', '1728', '972']
[1056, 594]
本次移动【1】step测试比对结果为：【PASS】
本次case测试结果为【PASS】
将测试结果写入excel表格对应Case的行 - 测试结果处：【PASS】
================【case177】测试结束================

================【case178】测试开始================

【case178】测试类型【放大测试】测试分辨率【H264 1920×1080P 30(P 16:9)】测试步长【34】
获取放大log数据……
['1088', '612', '1664', '936']
[3840, 2160]
本次放大【34】step测试比对结果为：【PASS】
获取移动log数据……
['1120', '612', '1664', '936']
[1088, 612]
本次移动【1】step测试比对结果为：【PASS】
本次case测试结果为【PASS】
将测试结果写入excel表格对应Case的行 - 测试结果处：【PASS】
================【case178】测试结束================

================【case179】测试开始================

【case179】测试类型【放大测试】测试分辨率【H264 1920×1080P 30(P 16:9)】测试步长【35】
获取放大log数据……
['1120', '630', '1600', '900']
[3840, 2160]
本次放大【35】step测试比对结果为：【PASS】
获取移动log数据……
['1152', '630', '1600', '900']
[1120, 630]
本次移动【1】step测试比对结果为：【PASS】
本次case测试结果为【PASS】
将测试结果写入excel表格对应Case的行 - 测试结果处：【PASS】
================【case179】测试结束================

================【case180】测试开始================

【case180】测试类型【放大测试】测试分辨率【H264 1920×1080P 30(P 16:9)】测试步长【36】
获取放大log数据……
['1152', '648', '1536', '864']
[3840, 2160]
本次放大【36】step测试比对结果为：【PASS】
获取移动log数据……
['1184', '648', '1536', '864']
[1152, 648]
本次移动【1】step测试比对结果为：【PASS】
本次case测试结果为【PASS】
将测试结果写入excel表格对应Case的行 - 测试结果处：【PASS】
================【case180】测试结束================

================【case181】测试开始================

【case181】测试类型【放大测试】测试分辨率【H264 1920×1080P 30(P 16:9)】测试步长【37】
获取放大log数据……
['1184', '666', '1472', '828']
[3840, 2160]
本次放大【37】step测试比对结果为：【PASS】
获取移动log数据……
['1216', '666', '1472', '828']
[1184, 666]
本次移动【1】step测试比对结果为：【PASS】
本次case测试结果为【PASS】
将测试结果写入excel表格对应Case的行 - 测试结果处：【PASS】
================【case181】测试结束================

================【case182】测试开始================

【case182】测试类型【放大测试】测试分辨率【H264 1920×1080P 30(P 16:9)】测试步长【38】
获取放大log数据……
['1216', '684', '1408', '792']
[3840, 2160]
本次放大【38】step测试比对结果为：【PASS】
获取移动log数据……
['1248', '684', '1408', '792']
[1216, 684]
本次移动【1】step测试比对结果为：【PASS】
本次case测试结果为【PASS】
将测试结果写入excel表格对应Case的行 - 测试结果处：【PASS】
================【case182】测试结束================

================【case183】测试开始================

【case183】测试类型【放大测试】测试分辨率【H264 1920×1080P 30(P 16:9)】测试步长【39】
获取放大log数据……
['1248', '702', '1344', '756']
[3840, 2160]
本次放大【39】step测试比对结果为：【PASS】
获取移动log数据……
['1280', '702', '1344', '756']
[1248, 702]
本次移动【1】step测试比对结果为：【PASS】
本次case测试结果为【PASS】
将测试结果写入excel表格对应Case的行 - 测试结果处：【PASS】
================【case183】测试结束================

================【case184】测试开始================

【case184】测试类型【放大测试】测试分辨率【H264 1920×1080P 30(P 16:9)】测试步长【40】
获取放大log数据……
['1280', '720', '1280', '720']
[3840, 2160]
本次放大【40】step测试比对结果为：【PASS】
获取移动log数据……
['1312', '720', '1280', '720']
[1280, 720]
本次移动【1】step测试比对结果为：【PASS】
本次case测试结果为【PASS】
将测试结果写入excel表格对应Case的行 - 测试结果处：【PASS】
================【case184】测试结束================

================【case185】测试开始================

【case185】测试类型【错误值测试】测试分辨率【H264 1920×1080P 30(P 16:9)】测试步长【53】
错误值检测PASS，返回检测失败！
本次case测试结果为【PASS】
将测试结果写入excel表格对应Case的行 - 测试结果处：【PASS】
================【case185】测试结束================

================【case186】测试开始================

【case186】测试类型【缩小测试】测试分辨率【H264 1920×1080P 30(P 16:9)】测试步长1【40】测试步长2【1】
获取放大log数据……
['1280', '720', '1280', '720']
缩小测试：第一次放大返回w为【1280】，h为【720】
获取放大log数据……
['1248', '702', '1344', '756']
[1280, 720]
本次先放大【40】后缩小【1】step测试比对结果为：【PASS】
获取移动log数据……
['1280', '702', '1344', '756']
[1248, 702]
本次移动【1】step测试比对结果为：【PASS】
本次case测试结果为【PASS】
将测试结果写入excel表格对应Case的行 - 测试结果处：【PASS】
================【case186】测试结束================

================【case187】测试开始================

【case187】测试类型【缩小测试】测试分辨率【H264 1920×1080P 30(P 16:9)】测试步长1【40】测试步长2【2】
获取放大log数据……
['1280', '720', '1280', '720']
缩小测试：第一次放大返回w为【1280】，h为【720】
获取放大log数据……
['1216', '684', '1408', '792']
[1280, 720]
本次先放大【40】后缩小【2】step测试比对结果为：【PASS】
获取移动log数据……
['1248', '684', '1408', '792']
[1216, 684]
本次移动【1】step测试比对结果为：【PASS】
本次case测试结果为【PASS】
将测试结果写入excel表格对应Case的行 - 测试结果处：【PASS】
================【case187】测试结束================

================【case188】测试开始================

【case188】测试类型【缩小测试】测试分辨率【H264 1920×1080P 30(P 16:9)】测试步长1【40】测试步长2【3】
获取放大log数据……
['1280', '720', '1280', '720']
缩小测试：第一次放大返回w为【1280】，h为【720】
获取放大log数据……
['1184', '666', '1472', '828']
[1280, 720]
本次先放大【40】后缩小【3】step测试比对结果为：【PASS】
获取移动log数据……
['1216', '666', '1472', '828']
[1184, 666]
本次移动【1】step测试比对结果为：【PASS】
本次case测试结果为【PASS】
将测试结果写入excel表格对应Case的行 - 测试结果处：【PASS】
================【case188】测试结束================

================【case189】测试开始================

【case189】测试类型【缩小测试】测试分辨率【H264 1920×1080P 30(P 16:9)】测试步长1【40】测试步长2【4】
获取放大log数据……
['1280', '720', '1280', '720']
缩小测试：第一次放大返回w为【1280】，h为【720】
获取放大log数据……
['1152', '648', '1536', '864']
[1280, 720]
本次先放大【40】后缩小【4】step测试比对结果为：【PASS】
获取移动log数据……
['1184', '648', '1536', '864']
[1152, 648]
本次移动【1】step测试比对结果为：【PASS】
本次case测试结果为【PASS】
将测试结果写入excel表格对应Case的行 - 测试结果处：【PASS】
================【case189】测试结束================

================【case190】测试开始================

【case190】测试类型【缩小测试】测试分辨率【H264 1920×1080P 30(P 16:9)】测试步长1【40】测试步长2【5】
获取放大log数据……
['1280', '720', '1280', '720']
缩小测试：第一次放大返回w为【1280】，h为【720】
获取放大log数据……
['1120', '630', '1600', '900']
[1280, 720]
本次先放大【40】后缩小【5】step测试比对结果为：【PASS】
获取移动log数据……
['1152', '630', '1600', '900']
[1120, 630]
本次移动【1】step测试比对结果为：【PASS】
本次case测试结果为【PASS】
将测试结果写入excel表格对应Case的行 - 测试结果处：【PASS】
================【case190】测试结束================

================【case191】测试开始================

【case191】测试类型【缩小测试】测试分辨率【H264 1920×1080P 30(P 16:9)】测试步长1【40】测试步长2【6】
获取放大log数据……
['1280', '720', '1280', '720']
缩小测试：第一次放大返回w为【1280】，h为【720】
获取放大log数据……
['1088', '612', '1664', '936']
[1280, 720]
本次先放大【40】后缩小【6】step测试比对结果为：【PASS】
获取移动log数据……
['1120', '612', '1664', '936']
[1088, 612]
本次移动【1】step测试比对结果为：【PASS】
本次case测试结果为【PASS】
将测试结果写入excel表格对应Case的行 - 测试结果处：【PASS】
================【case191】测试结束================

================【case192】测试开始================

【case192】测试类型【缩小测试】测试分辨率【H264 1920×1080P 30(P 16:9)】测试步长1【40】测试步长2【7】
获取放大log数据……
['1280', '720', '1280', '720']
缩小测试：第一次放大返回w为【1280】，h为【720】
获取放大log数据……
['1056', '594', '1728', '972']
[1280, 720]
本次先放大【40】后缩小【7】step测试比对结果为：【PASS】
获取移动log数据……
['1088', '594', '1728', '972']
[1056, 594]
本次移动【1】step测试比对结果为：【PASS】
本次case测试结果为【PASS】
将测试结果写入excel表格对应Case的行 - 测试结果处：【PASS】
================【case192】测试结束================

================【case193】测试开始================

【case193】测试类型【缩小测试】测试分辨率【H264 1920×1080P 30(P 16:9)】测试步长1【40】测试步长2【9】
获取放大log数据……
['1280', '720', '1280', '720']
缩小测试：第一次放大返回w为【1280】，h为【720】
获取放大log数据……
['992', '558', '1856', '1044']
[1280, 720]
本次先放大【40】后缩小【9】step测试比对结果为：【PASS】
获取移动log数据……
['1024', '558', '1856', '1044']
[992, 558]
本次移动【1】step测试比对结果为：【PASS】
本次case测试结果为【PASS】
将测试结果写入excel表格对应Case的行 - 测试结果处：【PASS】
================【case193】测试结束================

================【case194】测试开始================

【case194】测试类型【缩小测试】测试分辨率【H264 1920×1080P 30(P 16:9)】测试步长1【40】测试步长2【10】
获取放大log数据……
['1280', '720', '1280', '720']
缩小测试：第一次放大返回w为【1280】，h为【720】
获取放大log数据……
['960', '540', '1920', '1080']
[1280, 720]
本次先放大【40】后缩小【10】step测试比对结果为：【PASS】
获取移动log数据……
['992', '540', '1920', '1080']
[960, 540]
本次移动【1】step测试比对结果为：【PASS】
本次case测试结果为【PASS】
将测试结果写入excel表格对应Case的行 - 测试结果处：【PASS】
================【case194】测试结束================

================【case195】测试开始================

【case195】测试类型【缩小测试】测试分辨率【H264 1920×1080P 30(P 16:9)】测试步长1【40】测试步长2【12】
获取放大log数据……
['1280', '720', '1280', '720']
缩小测试：第一次放大返回w为【1280】，h为【720】
获取放大log数据……
['896', '504', '2048', '1152']
[1280, 720]
本次先放大【40】后缩小【12】step测试比对结果为：【PASS】
获取移动log数据……
['928', '504', '2048', '1152']
[896, 504]
本次移动【1】step测试比对结果为：【PASS】
本次case测试结果为【PASS】
将测试结果写入excel表格对应Case的行 - 测试结果处：【PASS】
================【case195】测试结束================

================【case196】测试开始================

【case196】测试类型【缩小测试】测试分辨率【H264 1920×1080P 30(P 16:9)】测试步长1【40】测试步长2【13】
获取放大log数据……
['1280', '720', '1280', '720']
缩小测试：第一次放大返回w为【1280】，h为【720】
获取放大log数据……
['864', '486', '2112', '1188']
[1280, 720]
本次先放大【40】后缩小【13】step测试比对结果为：【PASS】
获取移动log数据……
['896', '486', '2112', '1188']
[864, 486]
本次移动【1】step测试比对结果为：【PASS】
本次case测试结果为【PASS】
将测试结果写入excel表格对应Case的行 - 测试结果处：【PASS】
================【case196】测试结束================

================【case197】测试开始================

【case197】测试类型【缩小测试】测试分辨率【H264 1920×1080P 30(P 16:9)】测试步长1【40】测试步长2【15】
获取放大log数据……
['1280', '720', '1280', '720']
缩小测试：第一次放大返回w为【1280】，h为【720】
获取放大log数据……
['800', '450', '2240', '1260']
[1280, 720]
本次先放大【40】后缩小【15】step测试比对结果为：【PASS】
获取移动log数据……
['832', '450', '2240', '1260']
[800, 450]
本次移动【1】step测试比对结果为：【PASS】
本次case测试结果为【PASS】
将测试结果写入excel表格对应Case的行 - 测试结果处：【PASS】
================【case197】测试结束================

================【case198】测试开始================

【case198】测试类型【缩小测试】测试分辨率【H264 1920×1080P 30(P 16:9)】测试步长1【40】测试步长2【18】
获取放大log数据……
['1280', '720', '1280', '720']
缩小测试：第一次放大返回w为【1280】，h为【720】
获取放大log数据……
['704', '396', '2432', '1368']
[1280, 720]
本次先放大【40】后缩小【18】step测试比对结果为：【PASS】
获取移动log数据……
['736', '396', '2432', '1368']
[704, 396]
本次移动【1】step测试比对结果为：【PASS】
本次case测试结果为【PASS】
将测试结果写入excel表格对应Case的行 - 测试结果处：【PASS】
================【case198】测试结束================

================【case199】测试开始================

【case199】测试类型【缩小测试】测试分辨率【H264 1920×1080P 30(P 16:9)】测试步长1【40】测试步长2【20】
获取放大log数据……
['1280', '720', '1280', '720']
缩小测试：第一次放大返回w为【1280】，h为【720】
获取放大log数据……
['640', '360', '2560', '1440']
[1280, 720]
本次先放大【40】后缩小【20】step测试比对结果为：【PASS】
获取移动log数据……
['672', '360', '2560', '1440']
[640, 360]
本次移动【1】step测试比对结果为：【PASS】
本次case测试结果为【PASS】
将测试结果写入excel表格对应Case的行 - 测试结果处：【PASS】
================【case199】测试结束================

================【case200】测试开始================

【case200】测试类型【缩小测试】测试分辨率【H264 1920×1080P 30(P 16:9)】测试步长1【40】测试步长2【23】
获取放大log数据……
['1280', '720', '1280', '720']
缩小测试：第一次放大返回w为【1280】，h为【720】
获取放大log数据……
['544', '306', '2752', '1548']
[1280, 720]
本次先放大【40】后缩小【23】step测试比对结果为：【PASS】
获取移动log数据……
['576', '306', '2752', '1548']
[544, 306]
本次移动【1】step测试比对结果为：【PASS】
本次case测试结果为【PASS】
将测试结果写入excel表格对应Case的行 - 测试结果处：【PASS】
================【case200】测试结束================

================【case201】测试开始================

【case201】测试类型【缩小测试】测试分辨率【H264 1920×1080P 30(P 16:9)】测试步长1【40】测试步长2【26】
获取放大log数据……
['1280', '720', '1280', '720']
缩小测试：第一次放大返回w为【1280】，h为【720】
获取放大log数据……
['448', '252', '2944', '1656']
[1280, 720]
本次先放大【40】后缩小【26】step测试比对结果为：【PASS】
获取移动log数据……
['480', '252', '2944', '1656']
[448, 252]
本次移动【1】step测试比对结果为：【PASS】
本次case测试结果为【PASS】
将测试结果写入excel表格对应Case的行 - 测试结果处：【PASS】
================【case201】测试结束================

================【case202】测试开始================

【case202】测试类型【缩小测试】测试分辨率【H264 1920×1080P 30(P 16:9)】测试步长1【40】测试步长2【30】
获取放大log数据……
['1280', '720', '1280', '720']
缩小测试：第一次放大返回w为【1280】，h为【720】
获取放大log数据……
['320', '180', '3200', '1800']
[1280, 720]
本次先放大【40】后缩小【30】step测试比对结果为：【PASS】
获取移动log数据……
['352', '180', '3200', '1800']
[320, 180]
本次移动【1】step测试比对结果为：【PASS】
本次case测试结果为【PASS】
将测试结果写入excel表格对应Case的行 - 测试结果处：【PASS】
================【case202】测试结束================

================【case203】测试开始================

【case203】测试类型【缩小测试】测试分辨率【H264 1920×1080P 30(P 16:9)】测试步长1【40】测试步长2【35】
获取放大log数据……
['1280', '720', '1280', '720']
缩小测试：第一次放大返回w为【1280】，h为【720】
获取放大log数据……
['160', '90', '3520', '1980']
[1280, 720]
本次先放大【40】后缩小【35】step测试比对结果为：【PASS】
获取移动log数据……
['192', '90', '3520', '1980']
[160, 90]
本次移动【1】step测试比对结果为：【PASS】
本次case测试结果为【PASS】
将测试结果写入excel表格对应Case的行 - 测试结果处：【PASS】
================【case203】测试结束================

================【case204】测试开始================

【case204】测试类型【缩小测试】测试分辨率【H264 1920×1080P 30(P 16:9)】测试步长1【40】测试步长2【40】
获取放大log数据……
['1280', '720', '1280', '720']
缩小测试：第一次放大返回w为【1280】，h为【720】
当前已到达边界，弹框出现
本次先放大【40】后缩小【40】step测试比对结果为：【PASS】
本次case测试结果为【PASS】
将测试结果写入excel表格对应Case的行 - 测试结果处：【PASS】
================【case204】测试结束================

================【case205】测试开始================

【case205】测试类型【错误值测试】测试分辨率【H264 1920×1080P 30(P 16:9)】测试步长1【40】测试步长2【53】
错误值检测PASS，返回检测失败！
本次case测试结果为【PASS】
将测试结果写入excel表格对应Case的行 - 测试结果处：【PASS】
================【case205】测试结束================

================【case206】测试开始================

【case206】测试类型【错误值测试】测试分辨率【H264 1280×720P 30(P 16:9)】测试步长【1】
错误值检测PASS，返回检测失败！
本次case测试结果为【PASS】
将测试结果写入excel表格对应Case的行 - 测试结果处：【PASS】
================【case206】测试结束================

================【case207】测试开始================

【case207】测试类型【放大测试】测试分辨率【H264 1280×720P 30(P 16:9)】测试步长【5】
获取放大log数据……
['160', '90', '3520', '1980']
[3840, 2160]
本次放大【5】step测试比对结果为：【PASS】
获取移动log数据……
['192', '90', '3520', '1980']
[160, 90]
本次移动【1】step测试比对结果为：【PASS】
本次case测试结果为【PASS】
将测试结果写入excel表格对应Case的行 - 测试结果处：【PASS】
================【case207】测试结束================

================【case208】测试开始================

【case208】测试类型【放大测试】测试分辨率【H264 1280×720P 30(P 16:9)】测试步长【10】
获取放大log数据……
['320', '180', '3200', '1800']
[3840, 2160]
本次放大【10】step测试比对结果为：【PASS】
获取移动log数据……
['352', '180', '3200', '1800']
[320, 180]
本次移动【1】step测试比对结果为：【PASS】
本次case测试结果为【PASS】
将测试结果写入excel表格对应Case的行 - 测试结果处：【PASS】
================【case208】测试结束================

================【case209】测试开始================

【case209】测试类型【放大测试】测试分辨率【H264 1280×720P 30(P 16:9)】测试步长【14】
获取放大log数据……
['448', '252', '2944', '1656']
[3840, 2160]
本次放大【14】step测试比对结果为：【PASS】
获取移动log数据……
['480', '252', '2944', '1656']
[448, 252]
本次移动【1】step测试比对结果为：【PASS】
本次case测试结果为【PASS】
将测试结果写入excel表格对应Case的行 - 测试结果处：【PASS】
================【case209】测试结束================

================【case210】测试开始================

【case210】测试类型【放大测试】测试分辨率【H264 1280×720P 30(P 16:9)】测试步长【17】
获取放大log数据……
['544', '306', '2752', '1548']
[3840, 2160]
本次放大【17】step测试比对结果为：【PASS】
获取移动log数据……
['576', '306', '2752', '1548']
[544, 306]
本次移动【1】step测试比对结果为：【PASS】
本次case测试结果为【PASS】
将测试结果写入excel表格对应Case的行 - 测试结果处：【PASS】
================【case210】测试结束================

================【case211】测试开始================

【case211】测试类型【放大测试】测试分辨率【H264 1280×720P 30(P 16:9)】测试步长【20】
获取放大log数据……
['640', '360', '2560', '1440']
[3840, 2160]
本次放大【20】step测试比对结果为：【PASS】
获取移动log数据……
['672', '360', '2560', '1440']
[640, 360]
本次移动【1】step测试比对结果为：【PASS】
本次case测试结果为【PASS】
将测试结果写入excel表格对应Case的行 - 测试结果处：【PASS】
================【case211】测试结束================

================【case212】测试开始================

【case212】测试类型【放大测试】测试分辨率【H264 1280×720P 30(P 16:9)】测试步长【23】
获取放大log数据……
['736', '414', '2368', '1332']
[3840, 2160]
本次放大【23】step测试比对结果为：【PASS】
获取移动log数据……
['768', '414', '2368', '1332']
[736, 414]
本次移动【1】step测试比对结果为：【PASS】
本次case测试结果为【PASS】
将测试结果写入excel表格对应Case的行 - 测试结果处：【PASS】
================【case212】测试结束================

================【case213】测试开始================

【case213】测试类型【放大测试】测试分辨率【H264 1280×720P 30(P 16:9)】测试步长【25】
获取放大log数据……
['800', '450', '2240', '1260']
[3840, 2160]
本次放大【25】step测试比对结果为：【PASS】
获取移动log数据……
['832', '450', '2240', '1260']
[800, 450]
本次移动【1】step测试比对结果为：【PASS】
本次case测试结果为【PASS】
将测试结果写入excel表格对应Case的行 - 测试结果处：【PASS】
================【case213】测试结束================

================【case214】测试开始================

【case214】测试类型【放大测试】测试分辨率【H264 1280×720P 30(P 16:9)】测试步长【27】
获取放大log数据……
['864', '486', '2112', '1188']
[3840, 2160]
本次放大【27】step测试比对结果为：【PASS】
获取移动log数据……
['896', '486', '2112', '1188']
[864, 486]
本次移动【1】step测试比对结果为：【PASS】
本次case测试结果为【PASS】
将测试结果写入excel表格对应Case的行 - 测试结果处：【PASS】
================【case214】测试结束================

================【case215】测试开始================

【case215】测试类型【放大测试】测试分辨率【H264 1280×720P 30(P 16:9)】测试步长【28】
获取放大log数据……
['896', '504', '2048', '1152']
[3840, 2160]
本次放大【28】step测试比对结果为：【PASS】
获取移动log数据……
['928', '504', '2048', '1152']
[896, 504]
本次移动【1】step测试比对结果为：【PASS】
本次case测试结果为【PASS】
将测试结果写入excel表格对应Case的行 - 测试结果处：【PASS】
================【case215】测试结束================

================【case216】测试开始================

【case216】测试类型【放大测试】测试分辨率【H264 1280×720P 30(P 16:9)】测试步长【30】
获取放大log数据……
['960', '540', '1920', '1080']
[3840, 2160]
本次放大【30】step测试比对结果为：【PASS】
获取移动log数据……
['992', '540', '1920', '1080']
[960, 540]
本次移动【1】step测试比对结果为：【PASS】
本次case测试结果为【PASS】
将测试结果写入excel表格对应Case的行 - 测试结果处：【PASS】
================【case216】测试结束================

================【case217】测试开始================

【case217】测试类型【放大测试】测试分辨率【H264 1280×720P 30(P 16:9)】测试步长【31】
获取放大log数据……
['992', '558', '1856', '1044']
[3840, 2160]
本次放大【31】step测试比对结果为：【PASS】
获取移动log数据……
['1024', '558', '1856', '1044']
[992, 558]
本次移动【1】step测试比对结果为：【PASS】
本次case测试结果为【PASS】
将测试结果写入excel表格对应Case的行 - 测试结果处：【PASS】
================【case217】测试结束================

================【case218】测试开始================

【case218】测试类型【放大测试】测试分辨率【H264 1280×720P 30(P 16:9)】测试步长【33】
获取放大log数据……
['1056', '594', '1728', '972']
[3840, 2160]
本次放大【33】step测试比对结果为：【PASS】
获取移动log数据……
['1088', '594', '1728', '972']
[1056, 594]
本次移动【1】step测试比对结果为：【PASS】
本次case测试结果为【PASS】
将测试结果写入excel表格对应Case的行 - 测试结果处：【PASS】
================【case218】测试结束================

================【case219】测试开始================

【case219】测试类型【放大测试】测试分辨率【H264 1280×720P 30(P 16:9)】测试步长【34】
获取放大log数据……
['1088', '612', '1664', '936']
[3840, 2160]
本次放大【34】step测试比对结果为：【PASS】
获取移动log数据……
['1120', '612', '1664', '936']
[1088, 612]
本次移动【1】step测试比对结果为：【PASS】
本次case测试结果为【PASS】
将测试结果写入excel表格对应Case的行 - 测试结果处：【PASS】
================【case219】测试结束================

================【case220】测试开始================

【case220】测试类型【放大测试】测试分辨率【H264 1280×720P 30(P 16:9)】测试步长【35】
获取放大log数据……
['1120', '630', '1600', '900']
[3840, 2160]
本次放大【35】step测试比对结果为：【PASS】
获取移动log数据……
['1152', '630', '1600', '900']
[1120, 630]
本次移动【1】step测试比对结果为：【PASS】
本次case测试结果为【PASS】
将测试结果写入excel表格对应Case的行 - 测试结果处：【PASS】
================【case220】测试结束================

================【case221】测试开始================

【case221】测试类型【放大测试】测试分辨率【H264 1280×720P 30(P 16:9)】测试步长【36】
获取放大log数据……
['1152', '648', '1536', '864']
[3840, 2160]
本次放大【36】step测试比对结果为：【PASS】
获取移动log数据……
['1184', '648', '1536', '864']
[1152, 648]
本次移动【1】step测试比对结果为：【PASS】
本次case测试结果为【PASS】
将测试结果写入excel表格对应Case的行 - 测试结果处：【PASS】
================【case221】测试结束================

================【case222】测试开始================

【case222】测试类型【放大测试】测试分辨率【H264 1280×720P 30(P 16:9)】测试步长【37】
获取放大log数据……
['1184', '666', '1472', '828']
[3840, 2160]
本次放大【37】step测试比对结果为：【PASS】
获取移动log数据……
['1216', '666', '1472', '828']
[1184, 666]
本次移动【1】step测试比对结果为：【PASS】
本次case测试结果为【PASS】
将测试结果写入excel表格对应Case的行 - 测试结果处：【PASS】
================【case222】测试结束================

================【case223】测试开始================

【case223】测试类型【放大测试】测试分辨率【H264 1280×720P 30(P 16:9)】测试步长【38】
获取放大log数据……
['1216', '684', '1408', '792']
[3840, 2160]
本次放大【38】step测试比对结果为：【PASS】
获取移动log数据……
['1248', '684', '1408', '792']
[1216, 684]
本次移动【1】step测试比对结果为：【PASS】
本次case测试结果为【PASS】
将测试结果写入excel表格对应Case的行 - 测试结果处：【PASS】
================【case223】测试结束================

================【case224】测试开始================

【case224】测试类型【放大测试】测试分辨率【H264 1280×720P 30(P 16:9)】测试步长【39】
获取放大log数据……
['1248', '702', '1344', '756']
[3840, 2160]
本次放大【39】step测试比对结果为：【PASS】
获取移动log数据……
['1280', '702', '1344', '756']
[1248, 702]
本次移动【1】step测试比对结果为：【PASS】
本次case测试结果为【PASS】
将测试结果写入excel表格对应Case的行 - 测试结果处：【PASS】
================【case224】测试结束================

================【case225】测试开始================

【case225】测试类型【放大测试】测试分辨率【H264 1280×720P 30(P 16:9)】测试步长【40】
获取放大log数据……
['1280', '720', '1280', '720']
[3840, 2160]
本次放大【40】step测试比对结果为：【PASS】
获取移动log数据……
['1312', '720', '1280', '720']
[1280, 720]
本次移动【1】step测试比对结果为：【PASS】
本次case测试结果为【PASS】
将测试结果写入excel表格对应Case的行 - 测试结果处：【PASS】
================【case225】测试结束================

================【case226】测试开始================

【case226】测试类型【错误值测试】测试分辨率【H264 1280×720P 30(P 16:9)】测试步长【53】
错误值检测PASS，返回检测失败！
本次case测试结果为【PASS】
将测试结果写入excel表格对应Case的行 - 测试结果处：【PASS】
================【case226】测试结束================

================【case227】测试开始================

【case227】测试类型【缩小测试】测试分辨率【H264 1280×720P 30(P 16:9)】测试步长1【40】测试步长2【1】
获取放大log数据……
['1280', '720', '1280', '720']
缩小测试：第一次放大返回w为【1280】，h为【720】
获取放大log数据……
['1248', '702', '1344', '756']
[1280, 720]
本次先放大【40】后缩小【1】step测试比对结果为：【PASS】
获取移动log数据……
['1280', '702', '1344', '756']
[1248, 702]
本次移动【1】step测试比对结果为：【PASS】
本次case测试结果为【PASS】
将测试结果写入excel表格对应Case的行 - 测试结果处：【PASS】
================【case227】测试结束================

================【case228】测试开始================

【case228】测试类型【缩小测试】测试分辨率【H264 1280×720P 30(P 16:9)】测试步长1【40】测试步长2【2】
获取放大log数据……
['1280', '720', '1280', '720']
缩小测试：第一次放大返回w为【1280】，h为【720】
获取放大log数据……
['1216', '684', '1408', '792']
[1280, 720]
本次先放大【40】后缩小【2】step测试比对结果为：【PASS】
获取移动log数据……
['1248', '684', '1408', '792']
[1216, 684]
本次移动【1】step测试比对结果为：【PASS】
本次case测试结果为【PASS】
将测试结果写入excel表格对应Case的行 - 测试结果处：【PASS】
================【case228】测试结束================

================【case229】测试开始================

【case229】测试类型【缩小测试】测试分辨率【H264 1280×720P 30(P 16:9)】测试步长1【40】测试步长2【3】
获取放大log数据……
['1280', '720', '1280', '720']
缩小测试：第一次放大返回w为【1280】，h为【720】
获取放大log数据……
['1184', '666', '1472', '828']
[1280, 720]
本次先放大【40】后缩小【3】step测试比对结果为：【PASS】
获取移动log数据……
['1216', '666', '1472', '828']
[1184, 666]
本次移动【1】step测试比对结果为：【PASS】
本次case测试结果为【PASS】
将测试结果写入excel表格对应Case的行 - 测试结果处：【PASS】
================【case229】测试结束================

================【case230】测试开始================

【case230】测试类型【缩小测试】测试分辨率【H264 1280×720P 30(P 16:9)】测试步长1【40】测试步长2【4】
获取放大log数据……
['1280', '720', '1280', '720']
缩小测试：第一次放大返回w为【1280】，h为【720】
获取放大log数据……
['1152', '648', '1536', '864']
[1280, 720]
本次先放大【40】后缩小【4】step测试比对结果为：【PASS】
获取移动log数据……
['1184', '648', '1536', '864']
[1152, 648]
本次移动【1】step测试比对结果为：【PASS】
本次case测试结果为【PASS】
将测试结果写入excel表格对应Case的行 - 测试结果处：【PASS】
================【case230】测试结束================

================【case231】测试开始================

【case231】测试类型【缩小测试】测试分辨率【H264 1280×720P 30(P 16:9)】测试步长1【40】测试步长2【5】
获取放大log数据……
['1280', '720', '1280', '720']
缩小测试：第一次放大返回w为【1280】，h为【720】
获取放大log数据……
['1120', '630', '1600', '900']
[1280, 720]
本次先放大【40】后缩小【5】step测试比对结果为：【PASS】
获取移动log数据……
['1152', '630', '1600', '900']
[1120, 630]
本次移动【1】step测试比对结果为：【PASS】
本次case测试结果为【PASS】
将测试结果写入excel表格对应Case的行 - 测试结果处：【PASS】
================【case231】测试结束================

================【case232】测试开始================

【case232】测试类型【缩小测试】测试分辨率【H264 1280×720P 30(P 16:9)】测试步长1【40】测试步长2【6】
获取放大log数据……
['1280', '720', '1280', '720']
缩小测试：第一次放大返回w为【1280】，h为【720】
获取放大log数据……
['1088', '612', '1664', '936']
[1280, 720]
本次先放大【40】后缩小【6】step测试比对结果为：【PASS】
获取移动log数据……
['1120', '612', '1664', '936']
[1088, 612]
本次移动【1】step测试比对结果为：【PASS】
本次case测试结果为【PASS】
将测试结果写入excel表格对应Case的行 - 测试结果处：【PASS】
================【case232】测试结束================

================【case233】测试开始================

【case233】测试类型【缩小测试】测试分辨率【H264 1280×720P 30(P 16:9)】测试步长1【40】测试步长2【7】
获取放大log数据……
['1280', '720', '1280', '720']
缩小测试：第一次放大返回w为【1280】，h为【720】
获取放大log数据……
['1056', '594', '1728', '972']
[1280, 720]
本次先放大【40】后缩小【7】step测试比对结果为：【PASS】
获取移动log数据……
['1088', '594', '1728', '972']
[1056, 594]
本次移动【1】step测试比对结果为：【PASS】
本次case测试结果为【PASS】
将测试结果写入excel表格对应Case的行 - 测试结果处：【PASS】
================【case233】测试结束================

================【case234】测试开始================

【case234】测试类型【缩小测试】测试分辨率【H264 1280×720P 30(P 16:9)】测试步长1【40】测试步长2【9】
获取放大log数据……
['1280', '720', '1280', '720']
缩小测试：第一次放大返回w为【1280】，h为【720】
获取放大log数据……
['992', '558', '1856', '1044']
[1280, 720]
本次先放大【40】后缩小【9】step测试比对结果为：【PASS】
获取移动log数据……
['1024', '558', '1856', '1044']
[992, 558]
本次移动【1】step测试比对结果为：【PASS】
本次case测试结果为【PASS】
将测试结果写入excel表格对应Case的行 - 测试结果处：【PASS】
================【case234】测试结束================

================【case235】测试开始================

【case235】测试类型【缩小测试】测试分辨率【H264 1280×720P 30(P 16:9)】测试步长1【40】测试步长2【10】
获取放大log数据……
['1280', '720', '1280', '720']
缩小测试：第一次放大返回w为【1280】，h为【720】
获取放大log数据……
['960', '540', '1920', '1080']
[1280, 720]
本次先放大【40】后缩小【10】step测试比对结果为：【PASS】
获取移动log数据……
['992', '540', '1920', '1080']
[960, 540]
本次移动【1】step测试比对结果为：【PASS】
本次case测试结果为【PASS】
将测试结果写入excel表格对应Case的行 - 测试结果处：【PASS】
================【case235】测试结束================

================【case236】测试开始================

【case236】测试类型【缩小测试】测试分辨率【H264 1280×720P 30(P 16:9)】测试步长1【40】测试步长2【12】
获取放大log数据……
['1280', '720', '1280', '720']
缩小测试：第一次放大返回w为【1280】，h为【720】
获取放大log数据……
['896', '504', '2048', '1152']
[1280, 720]
本次先放大【40】后缩小【12】step测试比对结果为：【PASS】
获取移动log数据……
['928', '504', '2048', '1152']
[896, 504]
本次移动【1】step测试比对结果为：【PASS】
本次case测试结果为【PASS】
将测试结果写入excel表格对应Case的行 - 测试结果处：【PASS】
================【case236】测试结束================

================【case237】测试开始================

【case237】测试类型【缩小测试】测试分辨率【H264 1280×720P 30(P 16:9)】测试步长1【40】测试步长2【13】
获取放大log数据……
['1280', '720', '1280', '720']
缩小测试：第一次放大返回w为【1280】，h为【720】
获取放大log数据……
['864', '486', '2112', '1188']
[1280, 720]
本次先放大【40】后缩小【13】step测试比对结果为：【PASS】
获取移动log数据……
['896', '486', '2112', '1188']
[864, 486]
本次移动【1】step测试比对结果为：【PASS】
本次case测试结果为【PASS】
将测试结果写入excel表格对应Case的行 - 测试结果处：【PASS】
================【case237】测试结束================

================【case238】测试开始================

【case238】测试类型【缩小测试】测试分辨率【H264 1280×720P 30(P 16:9)】测试步长1【40】测试步长2【15】
获取放大log数据……
['1280', '720', '1280', '720']
缩小测试：第一次放大返回w为【1280】，h为【720】
获取放大log数据……
['800', '450', '2240', '1260']
[1280, 720]
本次先放大【40】后缩小【15】step测试比对结果为：【PASS】
获取移动log数据……
['832', '450', '2240', '1260']
[800, 450]
本次移动【1】step测试比对结果为：【PASS】
本次case测试结果为【PASS】
将测试结果写入excel表格对应Case的行 - 测试结果处：【PASS】
================【case238】测试结束================

================【case239】测试开始================

【case239】测试类型【缩小测试】测试分辨率【H264 1280×720P 30(P 16:9)】测试步长1【40】测试步长2【18】
获取放大log数据……
['1280', '720', '1280', '720']
缩小测试：第一次放大返回w为【1280】，h为【720】
获取放大log数据……
['704', '396', '2432', '1368']
[1280, 720]
本次先放大【40】后缩小【18】step测试比对结果为：【PASS】
获取移动log数据……
['736', '396', '2432', '1368']
[704, 396]
本次移动【1】step测试比对结果为：【PASS】
本次case测试结果为【PASS】
将测试结果写入excel表格对应Case的行 - 测试结果处：【PASS】
================【case239】测试结束================

================【case240】测试开始================

【case240】测试类型【缩小测试】测试分辨率【H264 1280×720P 30(P 16:9)】测试步长1【40】测试步长2【20】
获取放大log数据……
['1280', '720', '1280', '720']
缩小测试：第一次放大返回w为【1280】，h为【720】
获取放大log数据……
['640', '360', '2560', '1440']
[1280, 720]
本次先放大【40】后缩小【20】step测试比对结果为：【PASS】
获取移动log数据……
['672', '360', '2560', '1440']
[640, 360]
本次移动【1】step测试比对结果为：【PASS】
本次case测试结果为【PASS】
将测试结果写入excel表格对应Case的行 - 测试结果处：【PASS】
================【case240】测试结束================

================【case241】测试开始================

【case241】测试类型【缩小测试】测试分辨率【H264 1280×720P 30(P 16:9)】测试步长1【40】测试步长2【23】
获取放大log数据……
['1280', '720', '1280', '720']
缩小测试：第一次放大返回w为【1280】，h为【720】
获取放大log数据……
['544', '306', '2752', '1548']
[1280, 720]
本次先放大【40】后缩小【23】step测试比对结果为：【PASS】
获取移动log数据……
['576', '306', '2752', '1548']
[544, 306]
本次移动【1】step测试比对结果为：【PASS】
本次case测试结果为【PASS】
将测试结果写入excel表格对应Case的行 - 测试结果处：【PASS】
================【case241】测试结束================

================【case242】测试开始================

【case242】测试类型【缩小测试】测试分辨率【H264 1280×720P 30(P 16:9)】测试步长1【40】测试步长2【26】
获取放大log数据……
['1280', '720', '1280', '720']
缩小测试：第一次放大返回w为【1280】，h为【720】
获取放大log数据……
['448', '252', '2944', '1656']
[1280, 720]
本次先放大【40】后缩小【26】step测试比对结果为：【PASS】
获取移动log数据……
['480', '252', '2944', '1656']
[448, 252]
本次移动【1】step测试比对结果为：【PASS】
本次case测试结果为【PASS】
将测试结果写入excel表格对应Case的行 - 测试结果处：【PASS】
================【case242】测试结束================

================【case243】测试开始================

【case243】测试类型【缩小测试】测试分辨率【H264 1280×720P 30(P 16:9)】测试步长1【40】测试步长2【30】
获取放大log数据……
['1280', '720', '1280', '720']
缩小测试：第一次放大返回w为【1280】，h为【720】
获取放大log数据……
['320', '180', '3200', '1800']
[1280, 720]
本次先放大【40】后缩小【30】step测试比对结果为：【PASS】
获取移动log数据……
['352', '180', '3200', '1800']
[320, 180]
本次移动【1】step测试比对结果为：【PASS】
本次case测试结果为【PASS】
将测试结果写入excel表格对应Case的行 - 测试结果处：【PASS】
================【case243】测试结束================

================【case244】测试开始================

【case244】测试类型【缩小测试】测试分辨率【H264 1280×720P 30(P 16:9)】测试步长1【40】测试步长2【35】
获取放大log数据……
['1280', '720', '1280', '720']
缩小测试：第一次放大返回w为【1280】，h为【720】
获取放大log数据……
['160', '90', '3520', '1980']
[1280, 720]
本次先放大【40】后缩小【35】step测试比对结果为：【PASS】
获取移动log数据……
['192', '90', '3520', '1980']
[160, 90]
本次移动【1】step测试比对结果为：【PASS】
本次case测试结果为【PASS】
将测试结果写入excel表格对应Case的行 - 测试结果处：【PASS】
================【case244】测试结束================

================【case245】测试开始================

【case245】测试类型【缩小测试】测试分辨率【H264 1280×720P 30(P 16:9)】测试步长1【40】测试步长2【40】
获取放大log数据……
['1280', '720', '1280', '720']
缩小测试：第一次放大返回w为【1280】，h为【720】
当前已到达边界，弹框出现
本次先放大【40】后缩小【40】step测试比对结果为：【PASS】
本次case测试结果为【PASS】
将测试结果写入excel表格对应Case的行 - 测试结果处：【PASS】
================【case245】测试结束================

================【case246】测试开始================

【case246】测试类型【错误值测试】测试分辨率【H264 1280×720P 30(P 16:9)】测试步长1【40】测试步长2【53】
错误值检测PASS，返回检测失败！
本次case测试结果为【PASS】
将测试结果写入excel表格对应Case的行 - 测试结果处：【PASS】
================【case246】测试结束================

