Start test and wait for device¡­¡­
 We will update from
: old - ¡¾EM_TK1032_20210924_v1.1.0_20210924-1315¡¿ to new -  ¡¾EM_TK1032_20210924_v1.1.0_20210924-1315¡¿
-------------------------------------------Check device online?
-------------------------------------------Yes, device online¡­¡­
-------------------------------------------Begin adb root¡­¡­
-------------------------------------------Begin adb disable-verity¡­¡­
-------------------------------------------Begin adb reboot¡­¡­
-------------------------------------------Check device online?
-------------------------------------------Check device online?
-------------------------------------------Check device online?
-------------------------------------------Check device online?
-------------------------------------------Check device online?
-------------------------------------------Check device online?
-------------------------------------------Check device online?
-------------------------------------------Yes, device online¡­¡­
-------------------------------------------Wait for device boot!
-------------------------------------------Device online!
-------------------------------------------Begin adb root¡­¡­
-------------------------------------------Begin adb remount¡­¡­
-------------------------------------------Check device online?
-------------------------------------------Yes, device online¡­¡­
-------------------------------------------Begin push:adb push update.zip /data/ota_package/
-------------------------------------------Check device online?
-------------------------------------------Yes, device online¡­¡­
-------------------------------------------Analysis update.zip package¡­¡­
-------------------------------------------Get update code and write in update.txt¡­¡­
-------------------------------------------Execute update process¡­¡­
[INFO:update_engine_client_android.cc(89)] onStatusUpdate(UPDATE_STATUS_IDLE (0), 0)
[INFO:update_engine_client_android.cc(89)] onStatusUpdate(UPDATE_STATUS_UPDATE_AVAILABLE (2), 0)
[INFO:update_engine_client_android.cc(89)] onStatusUpdate(UPDATE_STATUS_DOWNLOADING (3), 7.22339e-05)
[INFO:update_engine_client_android.cc(89)] onStatusUpdate(UPDATE_STATUS_FINALIZING (5), 0)
[INFO:update_engine_client_android.cc(89)] onStatusUpdate(UPDATE_STATUS_FINALIZING (5), 1)
[INFO:update_engine_client_android.cc(89)] onStatusUpdate(UPDATE_STATUS_UPDATED_NEED_REBOOT (6), 0)
[INFO:update_engine_client_android.cc(97)] onPayloadApplicationComplete(ErrorCode::kSuccess (0))
-------------------------------------------After update ,reboot deivce¡­¡­
-------------------------------------------Check device online?
-------------------------------------------Check device online?
-------------------------------------------Check device online?
-------------------------------------------Check device online?
-------------------------------------------Check device online?
-------------------------------------------Check device online?
-------------------------------------------Check device online?
-------------------------------------------Check device online?
-------------------------------------------Check device online?
-------------------------------------------Yes, device online¡­¡­
-------------------------------------------Wait for device boot!
-------------------------------------------Device online!
-------------------------------------------Check current version¡­¡­
-------------------------------------------Current Version is EM_TK1032_20210924_v1.1.0_20210924-1315
-------------------------------------------New version update success!
-------------------------------------------First version upgrade success ,Begin new version cycle flash test!
-------------------------------------------Begin 1 times reset cycle version upgrade test¡­¡­
-------------------------------------------Check device online?
-------------------------------------------Yes, device online¡­¡­
-------------------------------------------Begin adb root¡­¡­
-------------------------------------------Begin adb disable-verity¡­¡­
-------------------------------------------Begin adb reboot¡­¡­
-------------------------------------------Check device online?
-------------------------------------------Check device online?
-------------------------------------------Check device online?
-------------------------------------------Check device online?
-------------------------------------------Check device online?
Can't find service: window
-------------------------------------------Check device online?
-------------------------------------------Check device online?
-------------------------------------------Yes, device online¡­¡­
-------------------------------------------Wait for device boot!
-------------------------------------------Device online!
-------------------------------------------Begin adb root¡­¡­
-------------------------------------------Begin adb remount¡­¡­
-------------------------------------------Check device online?
-------------------------------------------Yes, device online¡­¡­
-------------------------------------------Begin push:adb push update.zip /data/ota_package/
-------------------------------------------Check device online?
-------------------------------------------Yes, device online¡­¡­
-------------------------------------------Analysis update.zip package¡­¡­
-------------------------------------------Get update cycle code and write in update_cycle.txt¡­¡­
-------------------------------------------Execute upgrade cycle update process¡­¡­
[INFO:update_engine_client_android.cc(89)] onStatusUpdate(UPDATE_STATUS_IDLE (0), 0)
[INFO:update_engine_client_android.cc(89)] onStatusUpdate(UPDATE_STATUS_UPDATE_AVAILABLE (2), 0)
[INFO:update_engine_client_android.cc(89)] onStatusUpdate(UPDATE_STATUS_DOWNLOADING (3), 7.22339e-05)
[INFO:update_engine_client_android.cc(89)] onStatusUpdate(UPDATE_STATUS_FINALIZING (5), 0)
[INFO:update_engine_client_android.cc(89)] onStatusUpdate(UPDATE_STATUS_IDLE (0), 0)
[INFO:update_engine_client_android.cc(97)] onPayloadApplicationComplete(ErrorCode::kNewRootfsVerificationError (15))
[INFO:update_engine_client_android.cc(89)] onStatusUpdate(UPDATE_STATUS_IDLE (0), 0)
[INFO:update_engine_client_android.cc(89)] onStatusUpdate(UPDATE_STATUS_UPDATE_AVAILABLE (2), 0)
[INFO:update_engine_client_android.cc(89)] onStatusUpdate(UPDATE_STATUS_DOWNLOADING (3), 7.22339e-05)
[INFO:update_engine_client_android.cc(89)] onStatusUpdate(UPDATE_STATUS_DOWNLOADING (3), 0.010092)
[INFO:update_engine_client_android.cc(89)] onStatusUpdate(UPDATE_STATUS_DOWNLOADING (3), 0.0201117)
[INFO:update_engine_client_android.cc(89)] onStatusUpdate(UPDATE_STATUS_DOWNLOADING (3), 0.0301314)
[INFO:update_engine_client_android.cc(89)] onStatusUpdate(UPDATE_STATUS_DOWNLOADING (3), 0.0401511)
[INFO:update_engine_client_android.cc(89)] onStatusUpdate(UPDATE_STATUS_DOWNLOADING (3), 0.0501709)
[INFO:update_engine_client_android.cc(89)] onStatusUpdate(UPDATE_STATUS_DOWNLOADING (3), 0.0601906)
[INFO:update_engine_client_android.cc(89)] onStatusUpdate(UPDATE_STATUS_DOWNLOADING (3), 0.0702103)
[INFO:update_engine_client_android.cc(89)] onStatusUpdate(UPDATE_STATUS_DOWNLOADING (3), 0.08023)
[INFO:update_engine_client_android.cc(89)] onStatusUpdate(UPDATE_STATUS_DOWNLOADING (3), 0.0902498)
[INFO:update_engine_client_android.cc(89)] onStatusUpdate(UPDATE_STATUS_DOWNLOADING (3), 0.100269)
[INFO:update_engine_client_android.cc(89)] onStatusUpdate(UPDATE_STATUS_DOWNLOADING (3), 0.110289)
[INFO:update_engine_client_android.cc(89)] onStatusUpdate(UPDATE_STATUS_DOWNLOADING (3), 0.120309)
[INFO:update_engine_client_android.cc(89)] onStatusUpdate(UPDATE_STATUS_DOWNLOADING (3), 0.130329)
[INFO:update_engine_client_android.cc(89)] onStatusUpdate(UPDATE_STATUS_DOWNLOADING (3), 0.140348)
[INFO:update_engine_client_android.cc(89)] onStatusUpdate(UPDATE_STATUS_DOWNLOADING (3), 0.150368)
[INFO:update_engine_client_android.cc(89)] onStatusUpdate(UPDATE_STATUS_DOWNLOADING (3), 0.160388)
[INFO:update_engine_client_android.cc(89)] onStatusUpdate(UPDATE_STATUS_DOWNLOADING (3), 0.170408)
[INFO:update_engine_client_android.cc(89)] onStatusUpdate(UPDATE_STATUS_DOWNLOADING (3), 0.180427)
[INFO:update_engine_client_android.cc(89)] onStatusUpdate(UPDATE_STATUS_DOWNLOADING (3), 0.190447)
[INFO:update_engine_client_android.cc(89)] onStatusUpdate(UPDATE_STATUS_DOWNLOADING (3), 0.200467)
[INFO:update_engine_client_android.cc(89)] onStatusUpdate(UPDATE_STATUS_DOWNLOADING (3), 0.210486)
[INFO:update_engine_client_android.cc(89)] onStatusUpdate(UPDATE_STATUS_DOWNLOADING (3), 0.220506)
[INFO:update_engine_client_android.cc(89)] onStatusUpdate(UPDATE_STATUS_DOWNLOADING (3), 0.230526)
[INFO:update_engine_client_android.cc(89)] onStatusUpdate(UPDATE_STATUS_DOWNLOADING (3), 0.240546)
[INFO:update_engine_client_android.cc(89)] onStatusUpdate(UPDATE_STATUS_DOWNLOADING (3), 0.250565)
[INFO:update_engine_client_android.cc(89)] onStatusUpdate(UPDATE_STATUS_DOWNLOADING (3), 0.260585)
[INFO:update_engine_client_android.cc(89)] onStatusUpdate(UPDATE_STATUS_DOWNLOADING (3), 0.270605)
[INFO:update_engine_client_android.cc(89)] onStatusUpdate(UPDATE_STATUS_DOWNLOADING (3), 0.280625)
[INFO:update_engine_client_android.cc(89)] onStatusUpdate(UPDATE_STATUS_DOWNLOADING (3), 0.290644)
[INFO:update_engine_client_android.cc(89)] onStatusUpdate(UPDATE_STATUS_DOWNLOADING (3), 0.300664)
[INFO:update_engine_client_android.cc(89)] onStatusUpdate(UPDATE_STATUS_DOWNLOADING (3), 0.310684)
[INFO:update_engine_client_android.cc(89)] onStatusUpdate(UPDATE_STATUS_DOWNLOADING (3), 0.320703)
[INFO:update_engine_client_android.cc(89)] onStatusUpdate(UPDATE_STATUS_DOWNLOADING (3), 0.330723)
[INFO:update_engine_client_android.cc(89)] onStatusUpdate(UPDATE_STATUS_DOWNLOADING (3), 0.340743)
[INFO:update_engine_client_android.cc(89)] onStatusUpdate(UPDATE_STATUS_DOWNLOADING (3), 0.350763)
[INFO:update_engine_client_android.cc(89)] onStatusUpdate(UPDATE_STATUS_DOWNLOADING (3), 0.360782)
[INFO:update_engine_client_android.cc(89)] onStatusUpdate(UPDATE_STATUS_DOWNLOADING (3), 0.370802)
[INFO:update_engine_client_android.cc(89)] onStatusUpdate(UPDATE_STATUS_DOWNLOADING (3), 0.380822)
[INFO:update_engine_client_android.cc(89)] onStatusUpdate(UPDATE_STATUS_DOWNLOADING (3), 0.390842)
[INFO:update_engine_client_android.cc(89)] onStatusUpdate(UPDATE_STATUS_DOWNLOADING (3), 0.400861)
[INFO:update_engine_client_android.cc(89)] onStatusUpdate(UPDATE_STATUS_DOWNLOADING (3), 0.410881)
[INFO:update_engine_client_android.cc(89)] onStatusUpdate(UPDATE_STATUS_DOWNLOADING (3), 0.420901)
[INFO:update_engine_client_android.cc(89)] onStatusUpdate(UPDATE_STATUS_DOWNLOADING (3), 0.43092)
[INFO:update_engine_client_android.cc(89)] onStatusUpdate(UPDATE_STATUS_DOWNLOADING (3), 0.44094)
[INFO:update_engine_client_android.cc(89)] onStatusUpdate(UPDATE_STATUS_DOWNLOADING (3), 0.45096)
[INFO:update_engine_client_android.cc(89)] onStatusUpdate(UPDATE_STATUS_DOWNLOADING (3), 0.46098)
[INFO:update_engine_client_android.cc(89)] onStatusUpdate(UPDATE_STATUS_DOWNLOADING (3), 0.470999)
[INFO:update_engine_client_android.cc(89)] onStatusUpdate(UPDATE_STATUS_DOWNLOADING (3), 0.481019)
[INFO:update_engine_client_android.cc(89)] onStatusUpdate(UPDATE_STATUS_DOWNLOADING (3), 0.491039)
[INFO:update_engine_client_android.cc(89)] onStatusUpdate(UPDATE_STATUS_DOWNLOADING (3), 0.501058)
[INFO:update_engine_client_android.cc(89)] onStatusUpdate(UPDATE_STATUS_DOWNLOADING (3), 0.511078)
[INFO:update_engine_client_android.cc(89)] onStatusUpdate(UPDATE_STATUS_DOWNLOADING (3), 0.521098)
[INFO:update_engine_client_android.cc(89)] onStatusUpdate(UPDATE_STATUS_DOWNLOADING (3), 0.531118)
[INFO:update_engine_client_android.cc(89)] onStatusUpdate(UPDATE_STATUS_DOWNLOADING (3), 0.541137)
[INFO:update_engine_client_android.cc(89)] onStatusUpdate(UPDATE_STATUS_DOWNLOADING (3), 0.551157)
[INFO:update_engine_client_android.cc(89)] onStatusUpdate(UPDATE_STATUS_DOWNLOADING (3), 0.561177)
[INFO:update_engine_client_android.cc(89)] onStatusUpdate(UPDATE_STATUS_DOWNLOADING (3), 0.571197)
[INFO:update_engine_client_android.cc(89)] onStatusUpdate(UPDATE_STATUS_DOWNLOADING (3), 0.581216)
[INFO:update_engine_client_android.cc(89)] onStatusUpdate(UPDATE_STATUS_DOWNLOADING (3), 0.591236)
[INFO:update_engine_client_android.cc(89)] onStatusUpdate(UPDATE_STATUS_DOWNLOADING (3), 0.601256)
^CTraceback (most recent call last):
  File "D:/PycharmProjects/pythonProject_seevision/update_script/script_toRun.py", line 194, in <module>
    test_number))
  File "D:/PycharmProjects/pythonProject_seevision/update_script/script_toRun.py", line 148, in begin_upgrade_test
    stdout=subprocess.PIPE).communicate()[0]
  File "C:\Users\CHENGUANGTAO\AppData\Local\Programs\Python\Python37\lib\subprocess.py", line 926, in communicate
    stdout = self.stdout.read()
KeyboardInterrupt
