2022-01-07 19:05:55,451 - resolutionSwitchStress - INFO - 
 当前存在40种分辨率，即将对这些分辨率格式开始测试……
2022-01-07 19:05:55,451 - resolutionSwitchStress - INFO - 第1次测试 -- 当前测试分辨率为：YUY2 640×360P 30(P 16:9)
2022-01-07 19:06:15,312 - resolutionSwitchStress - INFO - 	帧率： 29.5 fps
2022-01-07 19:06:15,312 - resolutionSwitchStress - INFO - 	位率：112478 kbps
2022-01-07 19:06:15,313 - resolutionSwitchStress - INFO - 第2次测试 -- 当前测试分辨率为：YUY2 160×120P 30(P 4:3)
2022-01-07 19:06:35,334 - resolutionSwitchStress - INFO - 	帧率： 29.62 fps
2022-01-07 19:06:35,334 - resolutionSwitchStress - INFO - 	位率：9373 kbps
2022-01-07 19:06:35,336 - resolutionSwitchStress - INFO - 第3次测试 -- 当前测试分辨率为：YUY2 320×180P 30(P 16:9)
2022-01-07 19:06:54,988 - resolutionSwitchStress - INFO - 	帧率： 29.49 fps
2022-01-07 19:06:54,988 - resolutionSwitchStress - INFO - 	位率：28119 kbps
2022-01-07 19:06:54,988 - resolutionSwitchStress - INFO - 第4次测试 -- 当前测试分辨率为：YUY2 352×288P 30(P 11:9)
2022-01-07 19:07:14,895 - resolutionSwitchStress - INFO - 	帧率： 29.59 fps
2022-01-07 19:07:14,895 - resolutionSwitchStress - INFO - 	位率：49490 kbps
2022-01-07 19:07:14,895 - resolutionSwitchStress - INFO - 第5次测试 -- 当前测试分辨率为：YUY2 640×480P 30(P 4:3)
2022-01-07 19:07:35,019 - resolutionSwitchStress - INFO - 	帧率： 29.6 fps
2022-01-07 19:07:35,019 - resolutionSwitchStress - INFO - 	位率：149971 kbps
2022-01-07 19:07:35,020 - resolutionSwitchStress - INFO - 第6次测试 -- 当前测试分辨率为：YUY2 960×540P 30(P 16:9)
2022-01-07 19:07:54,520 - resolutionSwitchStress - INFO - 	帧率： 29.48 fps
2022-01-07 19:07:54,521 - resolutionSwitchStress - INFO - 	位率：253326 kbps
2022-01-07 19:07:54,521 - resolutionSwitchStress - INFO - 第7次测试 -- 当前测试分辨率为：MJPG 160×120P 30(P 4:3)
2022-01-07 19:08:14,027 - resolutionSwitchStress - INFO - 	帧率： 29.58 fps
2022-01-07 19:08:14,027 - resolutionSwitchStress - INFO - 	位率：2421 kbps
2022-01-07 19:08:14,028 - resolutionSwitchStress - INFO - 第8次测试 -- 当前测试分辨率为：MJPG 320×180P 30(P 16:9)
2022-01-07 19:08:33,663 - resolutionSwitchStress - INFO - 	帧率： 29.52 fps
2022-01-07 19:08:33,663 - resolutionSwitchStress - INFO - 	位率：5543 kbps
2022-01-07 19:08:33,664 - resolutionSwitchStress - INFO - 第9次测试 -- 当前测试分辨率为：MJPG 352×288P 30(P 11:9)
2022-01-07 19:08:52,777 - resolutionSwitchStress - INFO - 	帧率： 29.61 fps
2022-01-07 19:08:52,777 - resolutionSwitchStress - INFO - 	位率：3822 kbps
2022-01-07 19:08:52,778 - resolutionSwitchStress - INFO - 第10次测试 -- 当前测试分辨率为：MJPG 640×360P 30(P 16:9)
2022-01-07 19:09:11,913 - resolutionSwitchStress - INFO - 	帧率： 29.5 fps
2022-01-07 19:09:11,913 - resolutionSwitchStress - INFO - 	位率：15763 kbps
2022-01-07 19:09:11,914 - resolutionSwitchStress - INFO - 第11次测试 -- 当前测试分辨率为：MJPG 800×600P 30(P 4:3)
2022-01-07 19:09:31,210 - resolutionSwitchStress - INFO - 	帧率： 29.59 fps
2022-01-07 19:09:31,210 - resolutionSwitchStress - INFO - 	位率：38218 kbps
2022-01-07 19:09:31,210 - resolutionSwitchStress - INFO - 第12次测试 -- 当前测试分辨率为：MJPG 1024×576P 30(P 16:9)
2022-01-07 19:09:49,778 - resolutionSwitchStress - INFO - 	帧率： 29.51 fps
2022-01-07 19:09:49,778 - resolutionSwitchStress - INFO - 	位率：38809 kbps
2022-01-07 19:09:49,779 - resolutionSwitchStress - INFO - 第13次测试 -- 当前测试分辨率为：MJPG 2560×1440P 30(P 16:9)
2022-01-07 19:10:08,428 - resolutionSwitchStress - INFO - 	帧率： 29.46 fps
2022-01-07 19:10:08,428 - resolutionSwitchStress - INFO - 	位率：71946 kbps
2022-01-07 19:10:08,429 - resolutionSwitchStress - INFO - 第14次测试 -- 当前测试分辨率为：MJPG 1920×1080P 30(P 16:9)
2022-01-07 19:10:27,131 - resolutionSwitchStress - INFO - 	帧率： 29.46 fps
2022-01-07 19:10:27,131 - resolutionSwitchStress - INFO - 	位率：160346 kbps
2022-01-07 19:10:27,132 - resolutionSwitchStress - INFO - 第15次测试 -- 当前测试分辨率为：H264 1280×720P 30(P 16:9)
2022-01-07 19:10:45,448 - resolutionSwitchStress - ERROR - Some error happened : list index out of range
