2022-01-07 18:33:52,356 - resolutionSwitchStress - INFO - 
 当前存在40种分辨率，即将对这些分辨率格式开始测试……
2022-01-07 18:33:52,357 - resolutionSwitchStress - INFO - 第1轮-1次测试 -- 当前测试分辨率为：YUY2 640×360P 30(P 16:9)
2022-01-07 18:34:12,291 - resolutionSwitchStress - INFO - 	帧率： 29.49 fps
2022-01-07 18:34:12,291 - resolutionSwitchStress - INFO - 	位率：112478 kbps
2022-01-07 18:34:12,292 - resolutionSwitchStress - INFO - 第1轮0次测试 -- 当前测试分辨率为：YUY2 160×90P 30(P 16:9)
2022-01-07 18:34:32,398 - resolutionSwitchStress - INFO - 	帧率： 29.51 fps
2022-01-07 18:34:32,398 - resolutionSwitchStress - INFO - 	位率：7036 kbps
2022-01-07 18:34:32,398 - resolutionSwitchStress - INFO - 第1轮1次测试 -- 当前测试分辨率为：YUY2 160×120P 30(P 4:3)
2022-01-07 18:34:52,555 - resolutionSwitchStress - INFO - 	帧率： 29.6 fps
2022-01-07 18:34:52,555 - resolutionSwitchStress - INFO - 	位率：9373 kbps
2022-01-07 18:34:52,556 - resolutionSwitchStress - INFO - 第1轮2次测试 -- 当前测试分辨率为：YUY2 176×144P 30(P 11:9)
2022-01-07 18:35:12,810 - resolutionSwitchStress - INFO - 	帧率： 29.59 fps
2022-01-07 18:35:12,810 - resolutionSwitchStress - INFO - 	位率：12372 kbps
2022-01-07 18:35:12,811 - resolutionSwitchStress - INFO - 第1轮3次测试 -- 当前测试分辨率为：YUY2 320×180P 30(P 16:9)
2022-01-07 18:35:32,641 - resolutionSwitchStress - INFO - 	帧率： 29.51 fps
2022-01-07 18:35:32,641 - resolutionSwitchStress - INFO - 	位率：28147 kbps
2022-01-07 18:35:32,642 - resolutionSwitchStress - INFO - 第1轮4次测试 -- 当前测试分辨率为：YUY2 320×240P 30(P 4:3)
2022-01-07 18:35:52,488 - resolutionSwitchStress - INFO - 	帧率： 29.59 fps
2022-01-07 18:35:52,488 - resolutionSwitchStress - INFO - 	位率：37492 kbps
2022-01-07 18:35:52,488 - resolutionSwitchStress - INFO - 第1轮5次测试 -- 当前测试分辨率为：YUY2 352×288P 30(P 11:9)
2022-01-07 18:36:12,387 - resolutionSwitchStress - INFO - 	帧率： 29.58 fps
2022-01-07 18:36:12,387 - resolutionSwitchStress - INFO - 	位率：49490 kbps
2022-01-07 18:36:12,388 - resolutionSwitchStress - INFO - 第1轮6次测试 -- 当前测试分辨率为：YUY2 480×270P 30(P 16:9)
2022-01-07 18:36:32,314 - resolutionSwitchStress - INFO - 	帧率： 29.5 fps
2022-01-07 18:36:32,314 - resolutionSwitchStress - INFO - 	位率：63269 kbps
2022-01-07 18:36:32,315 - resolutionSwitchStress - INFO - 第1轮7次测试 -- 当前测试分辨率为：YUY2 640×480P 30(P 4:3)
2022-01-07 18:36:52,246 - resolutionSwitchStress - INFO - 	帧率： 29.6 fps
2022-01-07 18:36:52,246 - resolutionSwitchStress - INFO - 	位率：149971 kbps
2022-01-07 18:36:52,246 - resolutionSwitchStress - INFO - 第1轮8次测试 -- 当前测试分辨率为：YUY2 800×600P 30(P 4:3)
2022-01-07 18:37:12,341 - resolutionSwitchStress - INFO - 	帧率： 29.62 fps
2022-01-07 18:37:12,341 - resolutionSwitchStress - INFO - 	位率：234330 kbps
2022-01-07 18:37:12,341 - resolutionSwitchStress - INFO - 第1轮9次测试 -- 当前测试分辨率为：YUY2 960×540P 30(P 16:9)
2022-01-07 18:37:32,204 - resolutionSwitchStress - INFO - 	帧率： 29.48 fps
2022-01-07 18:37:32,204 - resolutionSwitchStress - INFO - 	位率：249153 kbps
2022-01-07 18:37:32,204 - resolutionSwitchStress - INFO - 第1轮10次测试 -- 当前测试分辨率为：MJPG 160×90P 30(P 16:9)
2022-01-07 18:37:51,776 - resolutionSwitchStress - INFO - 	帧率： 29.52 fps
2022-01-07 18:37:51,776 - resolutionSwitchStress - INFO - 	位率：2098 kbps
2022-01-07 18:37:51,777 - resolutionSwitchStress - INFO - 第1轮11次测试 -- 当前测试分辨率为：MJPG 160×120P 30(P 4:3)
2022-01-07 18:38:11,351 - resolutionSwitchStress - INFO - 	帧率： 29.6 fps
2022-01-07 18:38:11,351 - resolutionSwitchStress - INFO - 	位率：2452 kbps
2022-01-07 18:38:11,351 - resolutionSwitchStress - INFO - 第1轮12次测试 -- 当前测试分辨率为：MJPG 176×144P 30(P 11:9)
2022-01-07 18:38:30,960 - resolutionSwitchStress - INFO - 	帧率： 29.59 fps
2022-01-07 18:38:30,960 - resolutionSwitchStress - INFO - 	位率：2816 kbps
2022-01-07 18:38:30,960 - resolutionSwitchStress - INFO - 第1轮13次测试 -- 当前测试分辨率为：MJPG 320×180P 30(P 16:9)
2022-01-07 18:38:50,655 - resolutionSwitchStress - INFO - 	帧率： 29.49 fps
2022-01-07 18:38:50,655 - resolutionSwitchStress - INFO - 	位率：5978 kbps
2022-01-07 18:38:50,655 - resolutionSwitchStress - INFO - 第1轮14次测试 -- 当前测试分辨率为：MJPG 320×240P 30(P 4:3)
2022-01-07 18:39:10,375 - resolutionSwitchStress - INFO - 	帧率： 29.61 fps
2022-01-07 18:39:10,375 - resolutionSwitchStress - INFO - 	位率：7466 kbps
2022-01-07 18:39:10,375 - resolutionSwitchStress - INFO - 第1轮15次测试 -- 当前测试分辨率为：MJPG 352×288P 30(P 11:9)
2022-01-07 18:39:29,509 - resolutionSwitchStress - INFO - 	帧率： 29.59 fps
2022-01-07 18:39:29,509 - resolutionSwitchStress - INFO - 	位率：9535 kbps
2022-01-07 18:39:29,509 - resolutionSwitchStress - INFO - 第1轮16次测试 -- 当前测试分辨率为：MJPG 480×270P 30(P 16:9)
2022-01-07 18:39:48,634 - resolutionSwitchStress - INFO - 	帧率： 29.5 fps
2022-01-07 18:39:48,635 - resolutionSwitchStress - INFO - 	位率：10759 kbps
2022-01-07 18:39:48,635 - resolutionSwitchStress - INFO - 第1轮17次测试 -- 当前测试分辨率为：MJPG 640×360P 30(P 16:9)
2022-01-07 18:40:07,780 - resolutionSwitchStress - INFO - 	帧率： 29.51 fps
2022-01-07 18:40:07,780 - resolutionSwitchStress - INFO - 	位率：17789 kbps
2022-01-07 18:40:07,780 - resolutionSwitchStress - INFO - 第1轮18次测试 -- 当前测试分辨率为：MJPG 640×480P 30(P 4:3)
2022-01-07 18:40:26,973 - resolutionSwitchStress - INFO - 	帧率： 29.59 fps
2022-01-07 18:40:26,973 - resolutionSwitchStress - INFO - 	位率：23703 kbps
2022-01-07 18:40:26,973 - resolutionSwitchStress - INFO - 第1轮19次测试 -- 当前测试分辨率为：MJPG 800×600P 30(P 4:3)
2022-01-07 18:40:46,548 - resolutionSwitchStress - INFO - 	帧率： 29.57 fps
2022-01-07 18:40:46,548 - resolutionSwitchStress - INFO - 	位率：52796 kbps
2022-01-07 18:40:46,549 - resolutionSwitchStress - INFO - 第1轮20次测试 -- 当前测试分辨率为：MJPG 960×540P 30(P 16:9)
2022-01-07 18:41:05,875 - resolutionSwitchStress - INFO - 	帧率： 21 fps
2022-01-07 18:41:05,876 - resolutionSwitchStress - INFO - 	位率：37996 kbps
2022-01-07 18:41:05,876 - resolutionSwitchStress - INFO - 第1轮21次测试 -- 当前测试分辨率为：MJPG 1024×576P 30(P 16:9)
2022-01-07 18:41:24,467 - resolutionSwitchStress - INFO - 	帧率： 29.51 fps
2022-01-07 18:41:24,467 - resolutionSwitchStress - INFO - 	位率：57513 kbps
2022-01-07 18:41:24,468 - resolutionSwitchStress - INFO - 第1轮22次测试 -- 当前测试分辨率为：MJPG 1280×720P 30(P 16:9)
2022-01-07 18:41:43,022 - resolutionSwitchStress - INFO - 	帧率： 29.48 fps
2022-01-07 18:41:43,023 - resolutionSwitchStress - INFO - 	位率：85024 kbps
2022-01-07 18:41:43,023 - resolutionSwitchStress - INFO - 第1轮23次测试 -- 当前测试分辨率为：MJPG 2560×1440P 30(P 16:9)
2022-01-07 18:42:01,602 - resolutionSwitchStress - INFO - 	帧率： 29.51 fps
2022-01-07 18:42:01,602 - resolutionSwitchStress - INFO - 	位率：73184 kbps
2022-01-07 18:42:01,603 - resolutionSwitchStress - INFO - 第1轮24次测试 -- 当前测试分辨率为：MJPG 3840×2160P 30(P 16:9)
2022-01-07 18:42:20,226 - resolutionSwitchStress - INFO - 	帧率： 23.71 fps
2022-01-07 18:42:20,226 - resolutionSwitchStress - INFO - 	位率：64139 kbps
2022-01-07 18:42:20,227 - resolutionSwitchStress - INFO - 第1轮25次测试 -- 当前测试分辨率为：MJPG 1920×1080P 30(P 16:9)
2022-01-07 18:42:38,841 - resolutionSwitchStress - INFO - 	帧率： 29.51 fps
2022-01-07 18:42:38,841 - resolutionSwitchStress - INFO - 	位率：168672 kbps
2022-01-07 18:42:38,842 - resolutionSwitchStress - INFO - 第1轮26次测试 -- 当前测试分辨率为：H264 1920×1080P 30(P 16:9)
2022-01-07 18:42:57,546 - resolutionSwitchStress - ERROR - Some error happened : list index out of range
